000.000 =============================================================
000.000                     Station B                               
000.000 -------------------------------------------------------------
000.000 Protocol.lib, version 4.0, jiangyanjun0718@bupt.edu.cn
000.000 Channel: 8000 bps, 270 ms propagation delay, bit error rate 1.0E-05
000.000 Log file "E:\BUPT\doc\计算机网络实验\实验一 滑动窗口\EXE\NoPiggybackingGBN-B.log", TCP port 59144, debug mask 0x03
000.000 Station B is connecting station A (TCP port 59144) ... Done.
000.425 New epoch: Fri May  9 23:47:16 2025
000.425 =================================================================
000.425 
000.425 Designed by Jiang Yanjun, build: May  9 2025  23:46:26
001.004 Recv DATA 0 15, ID 10000
001.004 Send ACK 0
001.051 Send DATA 0 0, ID 20000,windows 1,PHL Queue 0
001.271 Recv DATA 1 15, ID 10001
001.273 Send ACK 1
001.302 Send DATA 1 1, ID 20001,windows 2,PHL Queue 8
001.504 Recv DATA 2 15, ID 10002
001.505 Send ACK 2
001.565 Send DATA 2 2, ID 20002,windows 3,PHL Queue 24
001.783 Recv DATA 3 15, ID 10003
001.785 Send ACK 3
001.828 Send DATA 3 3, ID 20003,windows 4,PHL Queue 40
002.062 Recv DATA 4 15, ID 10004
002.062 Send ACK 4
002.093 Recv ACK 0
002.123 Send DATA 4 4, ID 20004,windows 4,PHL Queue 0
002.292 Recv DATA 5 0, ID 10005
002.293 Send ACK 5
002.323 Recv ACK 1
002.370 Send DATA 5 5, ID 20005,windows 4,PHL Queue 40
002.557 Recv DATA 6 1, ID 10006
002.559 Send ACK 6
002.587 Recv ACK 2
002.665 Send DATA 6 6, ID 20006,windows 4,PHL Queue 0
002.865 Recv DATA 7 2, ID 10007
002.867 .... 8 packets received, 7589 bps, 94.86%, Err 0 (0.0e+00)
002.869 Send ACK 7
002.913 Send DATA 7 7, ID 20007,windows 5,PHL Queue 44
003.102 Recv DATA 8 2, ID 10008
003.102 Send ACK 8
003.194 Send DATA 8 8, ID 20008,windows 6,PHL Queue 24
003.379 Recv DATA 9 2, ID 10009
003.382 Send ACK 9
003.410 ---- DATA 3 timeout
003.457 Send DATA 3 9, ID 20003,windows 6,PHL Queue 40
003.645 Recv DATA 10 2, ID 10010
003.646 Send ACK 10
003.738 Send DATA 4 10, ID 20004,windows 6,PHL Queue 22
003.908 Recv DATA 11 2, ID 10011
003.909 Send ACK 11
004.001 Send DATA 5 11, ID 20005,windows 6,PHL Queue 36
004.172 Recv DATA 12 2, ID 10012
004.173 Send ACK 12
004.266 Send DATA 6 12, ID 20006,windows 6,PHL Queue 48
