000.000 =============================================================
000.000                     Station A                               
000.000 -------------------------------------------------------------
000.000 Protocol.lib, version 4.0, jiangyanjun0718@bupt.edu.cn
000.000 Channel: 8000 bps, 270 ms propagation delay, bit error rate 1.0E-005
000.000 Log file "E:\BUPT\doc\计算机网络实验\Lab1(Win+Linux)(2)\Lab1(Win+Linux)\Lab1-Windows-VS2017\Example\gobackn-A.log", TCP port 59144, debug mask 0x03
000.000 Station A is waiting for station B on TCP port 59144 ... Done.
000.142 New epoch: Tue May 06 00:59:06 2025
000.143 =================================================================
000.144 
000.145 Designed by Jiang Yanjun, build: Oct 28 2018  16:37:57
000.146 Protocol Options: Piggybacking (Enabled), NAK (Enabled)
000.195 Send DATA 0 7, ID 10000, Window 0, PHL Queue 0
000.428 Send DATA 1 7, ID 10001, Window 1, PHL Queue 32
000.709 Send DATA 2 7, ID 10002, Window 2, PHL Queue 0
000.959 Send DATA 3 7, ID 10003, Window 3, PHL Queue 26
001.223 Send DATA 4 7, ID 10004, Window 4, PHL Queue 26
001.304 Recv ACK  1
001.489 Send DATA 5 7, ID 10005, Window 3, PHL Queue 22
001.597 Recv DATA 0 1, ID 20000
001.751 Send DATA 6 0, ID 10006, Window 4, PHL Queue 26
001.845 Recv DATA 1 1, ID 20001
002.015 Send DATA 7 1, ID 10007, Window 5, PHL Queue 26
002.108 Recv DATA 2 3, ID 20002
002.281 Send DATA 0 2, ID 10008, Window 4, PHL Queue 22
002.359 Receiver Error 1: Bad CRC Checksum
002.361 Send NAK  2
002.561 Send DATA 1 2, ID 10009, Window 5, PHL Queue 4
002.669 Recv DATA 4 5, ID 20004
002.808 Send DATA 2 2, ID 10010, Window 4, PHL Queue 38
002.885 Recv DATA 5 6, ID 20005
003.072 Send DATA 3 2, ID 10011, Window 4, PHL Queue 38
003.150 Recv DATA 6 7, ID 20006
003.353 Send DATA 4 2, ID 10012, Window 4, PHL Queue 4
003.414 Recv DATA 3 0, ID 20003
003.416 .... 4 packets received, 3870 bps, 48.37%, Err 1 (5.3e-005)
003.604 Send DATA 5 3, ID 10013, Window 4, PHL Queue 30
003.698 Recv DATA 4 1, ID 20004
003.871 Send DATA 6 4, ID 10014, Window 4, PHL Queue 24
003.964 Recv DATA 5 1, ID 20005
003.994 Recv ACK  3
004.148 Send DATA 7 5, ID 10015, Window 3, PHL Queue 0
004.211 Recv DATA 6 3, ID 20006
004.398 Send DATA 0 6, ID 10016, Window 4, PHL Queue 26
004.492 Recv DATA 7 4, ID 20007
004.664 Send DATA 1 7, ID 10017, Window 4, PHL Queue 22
004.758 Recv DATA 0 5, ID 20008
004.929 Send DATA 2 0, ID 10018, Window 4, PHL Queue 20
005.022 Recv DATA 1 6, ID 20009
005.207 Send DATA 3 1, ID 10019, Window 4, PHL Queue 0
005.269 Recv DATA 2 7, ID 20010
005.457 Send DATA 4 2, ID 10020, Window 4, PHL Queue 20
005.565 Recv DATA 3 0, ID 20011
005.567 .... 12 packets received, 5758 bps, 71.98%, Err 1 (2.8e-005)
005.719 Send DATA 5 3, ID 10021, Window 4, PHL Queue 24
005.798 Recv DATA 4 0, ID 20012
005.861 Recv NAK  0
005.984 Send DATA 1 4, ID 10017, Window 0, PHL Queue 22
006.093 Recv DATA 5 0, ID 20013
006.249 Send DATA 2 5, ID 10018, Window 1, PHL Queue 20
006.327 Recv DATA 6 0, ID 20014
006.499 Send DATA 3 6, ID 10019, Window 2, PHL Queue 48
006.608 Recv DATA 7 0, ID 20015
006.764 Send DATA 4 7, ID 10020, Window 3, PHL Queue 46
006.888 Recv DATA 0 0, ID 20016
007.028 Send DATA 5 0, ID 10021, Window 4, PHL Queue 46
007.135 Recv DATA 1 1, ID 20017
007.320 Send DATA 6 1, ID 10022, Window 4, PHL Queue 0
007.414 Recv DATA 2 2, ID 20018
007.570 Send DATA 7 2, ID 10023, Window 4, PHL Queue 18
007.692 Recv DATA 3 3, ID 20019
007.693 .... 20 packets received, 6405 bps, 80.06%, Err 1 (1.9e-005)
007.831 Send DATA 0 3, ID 10024, Window 4, PHL Queue 24
007.923 Recv DATA 4 4, ID 20020
008.110 Send DATA 1 4, ID 10025, Window 4, PHL Queue 0
008.172 Recv DATA 5 5, ID 20021
008.361 Send DATA 2 5, ID 10026, Window 4, PHL Queue 20
008.472 Recv DATA 6 6, ID 20022
008.613 Send DATA 3 6, ID 10027, Window 4, PHL Queue 44
008.705 Recv DATA 7 7, ID 20023
008.904 Send DATA 4 7, ID 10028, Window 4, PHL Queue 0
008.983 Recv DATA 0 0, ID 20024
009.139 Send DATA 5 0, ID 10029, Window 4, PHL Queue 48
009.248 Recv DATA 1 1, ID 20025
009.403 Send DATA 6 1, ID 10030, Window 4, PHL Queue 48
009.525 Recv DATA 2 2, ID 20026
009.695 Send DATA 7 2, ID 10031, Window 4, PHL Queue 0
009.802 Recv DATA 3 3, ID 20027
009.806 .... 28 packets received, 6742 bps, 84.28%, Err 1 (1.4e-005)
009.941 Send DATA 0 3, ID 10032, Window 4, PHL Queue 28
010.049 Recv DATA 4 4, ID 20028
010.218 Send DATA 1 4, ID 10033, Window 4, PHL Queue 2
010.295 Recv DATA 5 5, ID 20029
010.464 Send DATA 2 5, ID 10034, Window 4, PHL Queue 38
010.560 Recv DATA 6 6, ID 20030
010.731 Send DATA 3 6, ID 10035, Window 4, PHL Queue 32
010.838 Recv DATA 7 7, ID 20031
011.008 Send DATA 4 7, ID 10036, Window 4, PHL Queue 6
011.085 Recv DATA 0 0, ID 20032
011.271 Send DATA 5 0, ID 10037, Window 4, PHL Queue 8
011.381 Recv DATA 1 1, ID 20033
011.521 Send DATA 6 1, ID 10038, Window 4, PHL Queue 36
011.599 Recv DATA 2 2, ID 20034
011.788 Send DATA 7 2, ID 10039, Window 4, PHL Queue 30
011.895 Recv DATA 3 3, ID 20035
011.900 .... 36 packets received, 6957 bps, 86.96%, Err 1 (1.2e-005)
012.064 Send DATA 0 3, ID 10040, Window 4, PHL Queue 6
012.172 Recv DATA 4 4, ID 20036
012.312 Send DATA 1 4, ID 10041, Window 4, PHL Queue 38
012.405 Recv DATA 5 5, ID 20037
012.577 Send DATA 2 5, ID 10042, Window 4, PHL Queue 36
012.669 Recv DATA 6 6, ID 20038
012.854 Send DATA 3 6, ID 10043, Window 4, PHL Queue 10
012.932 Recv DATA 7 7, ID 20039
013.102 Send DATA 4 7, ID 10044, Window 4, PHL Queue 42
013.196 Recv DATA 0 0, ID 20040
013.368 Send DATA 5 0, ID 10045, Window 4, PHL Queue 38
013.462 Recv DATA 1 1, ID 20041
013.649 Send DATA 6 1, ID 10046, Window 4, PHL Queue 4
013.726 Recv DATA 2 2, ID 20042
013.897 Send DATA 7 2, ID 10047, Window 4, PHL Queue 36
014.002 Recv DATA 3 3, ID 20043
014.007 .... 44 packets received, 7093 bps, 88.66%, Err 1 (9.7e-006)
014.171 Send DATA 0 3, ID 10048, Window 4, PHL Queue 16
014.280 Recv DATA 4 4, ID 20044
014.434 Send DATA 1 4, ID 10049, Window 4, PHL Queue 18
014.544 Recv DATA 5 5, ID 20045
014.701 Send DATA 2 5, ID 10050, Window 4, PHL Queue 12
014.793 Recv DATA 6 6, ID 20046
014.962 Send DATA 3 6, ID 10051, Window 4, PHL Queue 18
015.071 Recv DATA 7 7, ID 20047
015.224 Send DATA 4 7, ID 10052, Window 4, PHL Queue 22
015.302 Recv DATA 0 0, ID 20048
015.489 Send DATA 5 0, ID 10053, Window 4, PHL Queue 20
015.566 Recv DATA 1 1, ID 20049
015.768 Send DATA 6 1, ID 10054, Window 4, PHL Queue 0
015.846 Recv DATA 2 2, ID 20050
016.016 Send DATA 7 2, ID 10055, Window 4, PHL Queue 22
016.109 Recv DATA 3 3, ID 20051
016.113 .... 52 packets received, 7190 bps, 89.87%, Err 1 (8.3e-006)
016.280 Send DATA 0 3, ID 10056, Window 4, PHL Queue 22
016.389 Recv DATA 4 4, ID 20052
016.544 Send DATA 1 4, ID 10057, Window 4, PHL Queue 22
016.621 Recv DATA 5 5, ID 20053
016.825 Send DATA 2 5, ID 10058, Window 4, PHL Queue 0
016.902 Recv DATA 6 6, ID 20054
017.071 Send DATA 3 6, ID 10059, Window 4, PHL Queue 24
017.180 Recv DATA 7 7, ID 20055
017.338 Send DATA 4 7, ID 10060, Window 4, PHL Queue 18
017.461 Recv DATA 0 7, ID 20056
017.615 Send DATA 5 0, ID 10061, Window 5, PHL Queue 0
017.709 Recv DATA 1 1, ID 20057
017.879 Send DATA 6 1, ID 10062, Window 4, PHL Queue 0
017.957 Recv DATA 2 2, ID 20058
018.128 Send DATA 7 2, ID 10063, Window 4, PHL Queue 22
018.238 Recv DATA 3 2, ID 20059
018.239 .... 60 packets received, 7253 bps, 90.67%, Err 1 (7.3e-006)
018.269 Recv ACK  4
018.409 Send DATA 0 3, ID 10064, Window 3, PHL Queue 0
018.500 Recv DATA 4 4, ID 20060
018.654 Send DATA 1 4, ID 10065, Window 4, PHL Queue 26
018.764 Recv DATA 5 5, ID 20061
018.936 Send DATA 2 5, ID 10066, Window 4, PHL Queue 0
019.044 Recv DATA 6 6, ID 20062
019.199 Send DATA 3 6, ID 10067, Window 4, PHL Queue 0
019.260 Recv DATA 7 7, ID 20063
019.444 Send DATA 4 7, ID 10068, Window 4, PHL Queue 30
019.582 Recv DATA 0 0, ID 20064
019.721 Send DATA 5 0, ID 10069, Window 4, PHL Queue 4
019.813 Recv DATA 1 1, ID 20065
019.969 Send DATA 6 1, ID 10070, Window 4, PHL Queue 36
020.079 Recv DATA 2 2, ID 20066
020.234 Send DATA 7 2, ID 10071, Window 4, PHL Queue 34
020.328 Recv DATA 3 3, ID 20067
020.332 .... 68 packets received, 7318 bps, 91.47%, Err 1 (6.5e-006)
020.498 Send DATA 0 3, ID 10072, Window 4, PHL Queue 34
020.608 Recv DATA 4 4, ID 20068
020.763 Send DATA 1 4, ID 10073, Window 4, PHL Queue 32
020.888 Recv DATA 5 5, ID 20069
021.044 Send DATA 2 5, ID 10074, Window 4, PHL Queue 0
021.139 Recv DATA 6 6, ID 20070
021.310 Send DATA 3 6, ID 10075, Window 4, PHL Queue 0
021.418 Recv DATA 7 7, ID 20071
021.559 Send DATA 4 7, ID 10076, Window 4, PHL Queue 24
021.683 Recv DATA 0 0, ID 20072
021.824 Send DATA 5 0, ID 10077, Window 4, PHL Queue 22
021.916 Recv DATA 1 1, ID 20073
022.088 Send DATA 6 1, ID 10078, Window 4, PHL Queue 22
022.211 Recv DATA 2 2, ID 20074
022.368 Send DATA 7 2, ID 10079, Window 4, PHL Queue 0
022.446 Recv DATA 3 3, ID 20075
022.452 .... 76 packets received, 7360 bps, 91.99%, Err 1 (5.8e-006)
022.616 Send DATA 0 3, ID 10080, Window 4, PHL Queue 22
022.726 Recv DATA 4 4, ID 20076
022.879 Send DATA 1 4, ID 10081, Window 4, PHL Queue 24
023.003 Recv DATA 5 5, ID 20077
023.064 Recv NAK  5
023.156 Send DATA 6 5, ID 10078, Window 0, PHL Queue 0
023.234 Recv DATA 6 5, ID 20078
023.402 Send DATA 7 6, ID 10079, Window 1, PHL Queue 34
023.510 Recv DATA 7 5, ID 20079
023.663 Send DATA 0 7, ID 10080, Window 2, PHL Queue 40
023.788 Recv DATA 0 5, ID 20080
023.943 Send DATA 1 0, ID 10081, Window 3, PHL Queue 8
024.081 Recv DATA 1 5, ID 20081
024.191 Send DATA 2 1, ID 10082, Window 4, PHL Queue 40
024.300 Recv DATA 2 6, ID 20082
024.459 Send DATA 3 2, ID 10083, Window 4, PHL Queue 32
024.581 Recv DATA 3 7, ID 20083
024.582 .... 84 packets received, 7388 bps, 92.36%, Err 1 (5.3e-006)
024.612 Recv NAK  7
024.719 Send DATA 0 3, ID 10080, Window 0, PHL Queue 40
024.845 Recv DATA 4 7, ID 20084
024.984 Send DATA 1 4, ID 10081, Window 1, PHL Queue 38
025.108 Recv DATA 5 7, ID 20085
025.246 Send DATA 2 5, ID 10082, Window 2, PHL Queue 42
025.355 Recv DATA 6 7, ID 20086
025.525 Send DATA 3 6, ID 10083, Window 3, PHL Queue 12
025.633 Recv DATA 7 7, ID 20087
025.772 Send DATA 4 7, ID 10084, Window 4, PHL Queue 46
025.898 Recv DATA 0 0, ID 20088
026.036 Send DATA 5 0, ID 10085, Window 4, PHL Queue 46
026.162 Recv DATA 1 1, ID 20089
026.302 Send DATA 6 1, ID 10086, Window 4, PHL Queue 42
026.428 Recv DATA 2 2, ID 20090
026.567 Send DATA 7 2, ID 10087, Window 4, PHL Queue 40
026.677 Recv DATA 3 3, ID 20091
026.681 .... 92 packets received, 7424 bps, 92.80%, Err 1 (4.9e-006)
026.846 Send DATA 0 3, ID 10088, Window 4, PHL Queue 10
026.956 Recv DATA 4 4, ID 20092
027.111 Send DATA 1 4, ID 10089, Window 4, PHL Queue 8
027.204 Recv DATA 5 5, ID 20093
027.358 Send DATA 2 5, ID 10090, Window 4, PHL Queue 42
027.498 Recv DATA 6 6, ID 20094
027.623 Send DATA 3 6, ID 10091, Window 4, PHL Queue 40
027.764 Recv DATA 7 7, ID 20095
027.888 Send DATA 4 7, ID 10092, Window 4, PHL Queue 38
028.010 Recv DATA 0 0, ID 20096
028.148 Send DATA 5 0, ID 10093, Window 4, PHL Queue 46
028.287 Recv DATA 1 1, ID 20097
028.412 Send DATA 6 1, ID 10094, Window 4, PHL Queue 46
028.535 Recv DATA 2 2, ID 20098
028.692 Send DATA 7 2, ID 10095, Window 4, PHL Queue 14
028.801 Recv DATA 3 3, ID 20099
028.804 .... 100 packets received, 7446 bps, 93.08%, Err 1 (4.5e-006)
028.940 Send DATA 0 3, ID 10096, Window 4, PHL Queue 46
029.080 Recv DATA 4 4, ID 20100
029.204 Send DATA 1 4, ID 10097, Window 4, PHL Queue 46
029.329 Recv DATA 5 5, ID 20101
029.469 Send DATA 2 5, ID 10098, Window 4, PHL Queue 44
029.593 Recv DATA 6 6, ID 20102
029.748 Send DATA 3 6, ID 10099, Window 4, PHL Queue 14
029.872 Recv DATA 7 7, ID 20103
029.996 Send DATA 4 7, ID 10100, Window 4, PHL Queue 46
030.136 Recv DATA 0 0, ID 20104
030.261 Send DATA 5 0, ID 10101, Window 4, PHL Queue 44
030.416 Recv DATA 1 1, ID 20105
030.526 Send DATA 6 1, ID 10102, Window 4, PHL Queue 42
030.653 Recv DATA 2 2, ID 20106
030.808 Send DATA 7 2, ID 10103, Window 4, PHL Queue 6
030.918 Recv DATA 3 3, ID 20107
030.920 .... 108 packets received, 7467 bps, 93.34%, Err 2 (8.4e-006)
031.072 Send DATA 0 3, ID 10104, Window 4, PHL Queue 6
031.197 Receiver Error 2: Bad CRC Checksum
031.198 Send NAK  3
031.336 Send DATA 1 3, ID 10105, Window 5, PHL Queue 20
031.444 Recv DATA 5 5, ID 20109
031.601 Send DATA 2 3, ID 10106, Window 4, PHL Queue 18
031.711 Recv DATA 6 6, ID 20110
031.851 Send DATA 3 3, ID 10107, Window 4, PHL Queue 46
031.975 Recv DATA 7 7, ID 20111
032.118 Send DATA 4 3, ID 10108, Window 4, PHL Queue 40
032.256 Recv DATA 4 0, ID 20108
032.396 Send DATA 5 4, ID 10109, Window 4, PHL Queue 12
032.521 Recv DATA 5 1, ID 20109
032.660 Send DATA 6 5, ID 10110, Window 4, PHL Queue 12
032.768 Recv DATA 6 2, ID 20110
032.908 Send DATA 7 6, ID 10111, Window 4, PHL Queue 44
033.031 Recv DATA 7 3, ID 20111
033.034 .... 112 packets received, 7228 bps, 90.35%, Err 2 (7.8e-006)
033.173 Send DATA 0 7, ID 10112, Window 4, PHL Queue 42
033.314 Recv DATA 0 4, ID 20112
033.437 Send DATA 1 0, ID 10113, Window 4, PHL Queue 42
033.579 Recv DATA 1 5, ID 20113
033.703 Send DATA 2 1, ID 10114, Window 4, PHL Queue 38
033.846 Recv DATA 2 6, ID 20114
033.972 Send DATA 3 2, ID 10115, Window 4, PHL Queue 28
034.111 Recv DATA 3 7, ID 20115
034.235 Send DATA 4 3, ID 10116, Window 4, PHL Queue 30
034.359 Recv DATA 4 0, ID 20116
034.499 Send DATA 5 4, ID 10117, Window 4, PHL Queue 30
034.622 Recv DATA 5 1, ID 20117
034.762 Send DATA 6 5, ID 10118, Window 4, PHL Queue 32
034.858 Recv DATA 6 2, ID 20118
035.044 Send DATA 7 6, ID 10119, Window 4, PHL Queue 0
035.185 Recv DATA 7 3, ID 20119
035.189 .... 120 packets received, 7252 bps, 90.65%, Err 2 (7.3e-006)
035.296 Send DATA 0 7, ID 10120, Window 4, PHL Queue 20
035.420 Recv DATA 0 4, ID 20120
035.558 Send DATA 1 0, ID 10121, Window 4, PHL Queue 24
035.667 Recv DATA 1 5, ID 20121
035.823 Send DATA 2 1, ID 10122, Window 4, PHL Queue 22
035.917 Recv DATA 2 6, ID 20122
036.087 Send DATA 3 2, ID 10123, Window 4, PHL Queue 22
036.196 Recv DATA 3 7, ID 20123
036.338 Send DATA 4 3, ID 10124, Window 4, PHL Queue 48
036.477 Recv DATA 4 0, ID 20124
036.619 Send DATA 5 4, ID 10125, Window 4, PHL Queue 14
036.714 Recv DATA 5 1, ID 20125
036.884 Send DATA 6 5, ID 10126, Window 4, PHL Queue 12
037.011 Recv DATA 6 2, ID 20126
037.137 Send DATA 7 6, ID 10127, Window 4, PHL Queue 34
037.245 Recv DATA 7 3, ID 20127
037.246 .... 128 packets received, 7292 bps, 91.15%, Err 2 (6.9e-006)
037.416 Send DATA 0 7, ID 10128, Window 4, PHL Queue 4
037.524 Recv DATA 0 4, ID 20128
037.665 Send DATA 1 0, ID 10129, Window 4, PHL Queue 34
037.788 Recv DATA 1 5, ID 20129
037.928 Send DATA 2 1, ID 10130, Window 4, PHL Queue 36
038.022 Recv DATA 2 6, ID 20130
038.209 Send DATA 3 2, ID 10131, Window 4, PHL Queue 2
038.318 Recv DATA 3 7, ID 20131
038.457 Send DATA 4 3, ID 10132, Window 4, PHL Queue 34
038.551 Recv DATA 4 0, ID 20132
038.724 Send DATA 5 4, ID 10133, Window 4, PHL Queue 28
038.846 Recv DATA 5 1, ID 20133
038.985 Send DATA 6 5, ID 10134, Window 4, PHL Queue 34
039.123 Recv DATA 6 2, ID 20134
039.246 Send DATA 7 6, ID 10135, Window 4, PHL Queue 40
039.369 Recv DATA 7 3, ID 20135
039.373 .... 136 packets received, 7316 bps, 91.45%, Err 2 (6.5e-006)
039.524 Send DATA 0 7, ID 10136, Window 4, PHL Queue 12
039.666 Recv DATA 0 4, ID 20136
039.791 Send DATA 1 0, ID 10137, Window 4, PHL Queue 6
039.915 Recv DATA 1 5, ID 20137
040.055 Send DATA 2 1, ID 10138, Window 4, PHL Queue 6
040.163 Recv DATA 2 6, ID 20138
040.300 Send DATA 3 2, ID 10139, Window 4, PHL Queue 44
040.441 Recv DATA 3 7, ID 20139
040.579 Send DATA 4 3, ID 10140, Window 4, PHL Queue 14
040.688 Recv DATA 4 0, ID 20140
040.842 Send DATA 5 4, ID 10141, Window 4, PHL Queue 16
040.951 Recv DATA 5 1, ID 20141
041.090 Send DATA 6 5, ID 10142, Window 4, PHL Queue 48
041.245 Recv DATA 6 2, ID 20142
041.355 Send DATA 7 6, ID 10143, Window 4, PHL Queue 46
041.479 Recv DATA 7 3, ID 20143
041.484 .... 144 packets received, 7339 bps, 91.74%, Err 2 (6.2e-006)
041.631 Send DATA 0 7, ID 10144, Window 4, PHL Queue 22
041.758 Recv DATA 0 4, ID 20144
041.882 Send DATA 1 0, ID 10145, Window 4, PHL Queue 48
042.038 Recv DATA 1 5, ID 20145
042.176 Send DATA 2 1, ID 10146, Window 4, PHL Queue 0
042.270 Recv DATA 2 6, ID 20146
042.423 Send DATA 3 2, ID 10147, Window 4, PHL Queue 22
042.547 Recv DATA 3 7, ID 20147
042.689 Send DATA 4 3, ID 10148, Window 4, PHL Queue 18
042.817 Recv DATA 4 0, ID 20148
042.956 Send DATA 5 4, ID 10149, Window 4, PHL Queue 12
043.080 Recv DATA 5 1, ID 20149
043.205 Send DATA 6 5, ID 10150, Window 4, PHL Queue 42
043.345 Recv DATA 6 2, ID 20150
043.469 Send DATA 7 6, ID 10151, Window 4, PHL Queue 42
043.564 Recv DATA 7 2, ID 20151
043.565 .... 152 packets received, 7365 bps, 92.06%, Err 2 (5.9e-006)
043.594 Recv ACK  4
043.733 Send DATA 0 7, ID 10152, Window 3, PHL Queue 42
043.859 Recv DATA 0 4, ID 20152
044.014 Send DATA 1 0, ID 10153, Window 4, PHL Queue 8
044.168 Recv DATA 1 5, ID 20153
044.276 Send DATA 2 1, ID 10154, Window 4, PHL Queue 12
044.371 Recv DATA 2 6, ID 20154
044.526 Send DATA 3 2, ID 10155, Window 4, PHL Queue 40
044.635 Recv DATA 3 7, ID 20155
044.791 Send DATA 4 3, ID 10156, Window 4, PHL Queue 38
044.900 Recv DATA 4 0, ID 20156
045.056 Send DATA 5 4, ID 10157, Window 4, PHL Queue 36
045.164 Recv DATA 5 1, ID 20157
045.319 Send DATA 6 5, ID 10158, Window 4, PHL Queue 38
045.431 Recv DATA 6 2, ID 20158
045.603 Send DATA 7 6, ID 10159, Window 4, PHL Queue 0
045.696 Recv DATA 7 3, ID 20159
045.699 .... 160 packets received, 7380 bps, 92.25%, Err 2 (5.6e-006)
045.726 Recv NAK  3
045.850 Send DATA 4 7, ID 10156, Window 0, PHL Queue 32
046.005 Recv DATA 0 3, ID 20160
046.115 Send DATA 5 0, ID 10157, Window 1, PHL Queue 30
046.285 Recv DATA 1 3, ID 20161
046.377 Send DATA 6 1, ID 10158, Window 2, PHL Queue 34
046.501 Recv DATA 2 3, ID 20162
046.639 Send DATA 7 2, ID 10159, Window 3, PHL Queue 38
046.780 Receiver Error 3: Bad CRC Checksum
046.782 Send NAK  2
046.905 Send DATA 0 2, ID 10160, Window 4, PHL Queue 48
047.060 Recv DATA 4 4, ID 20164
047.198 Send DATA 1 2, ID 10161, Window 4, PHL Queue 0
047.291 Recv DATA 5 5, ID 20165
047.460 Send DATA 2 2, ID 10162, Window 4, PHL Queue 0
047.570 Recv DATA 6 6, ID 20166
047.710 Send DATA 3 2, ID 10163, Window 4, PHL Queue 22
047.802 Recv DATA 3 7, ID 20163
047.805 .... 164 packets received, 7222 bps, 90.28%, Err 3 (8.0e-006)
047.973 Send DATA 4 3, ID 10164, Window 4, PHL Queue 24
048.113 Recv DATA 4 0, ID 20164
048.239 Send DATA 5 4, ID 10165, Window 4, PHL Queue 20
048.378 Recv DATA 5 1, ID 20165
048.503 Send DATA 6 5, ID 10166, Window 4, PHL Queue 20
048.628 Recv DATA 6 2, ID 20166
048.768 Send DATA 7 6, ID 10167, Window 4, PHL Queue 18
048.907 Receiver Error 4: Bad CRC Checksum
048.909 Send NAK  6
049.031 Send DATA 0 6, ID 10168, Window 5, PHL Queue 34
049.139 Recv DATA 0 4, ID 20168
049.295 Send DATA 1 6, ID 10169, Window 4, PHL Queue 34
049.420 Recv DATA 1 5, ID 20169
049.576 Send DATA 2 6, ID 10170, Window 4, PHL Queue 0
049.699 Recv DATA 2 6, ID 20170
049.837 Send DATA 3 6, ID 10171, Window 4, PHL Queue 6
049.944 Recv DATA 7 7, ID 20167
049.946 .... 168 packets received, 7073 bps, 88.41%, Err 4 (1.0e-005)
050.082 Send DATA 4 7, ID 10172, Window 4, PHL Queue 44
050.221 Recv DATA 0 0, ID 20168
050.361 Send DATA 5 0, ID 10173, Window 4, PHL Queue 14
050.471 Recv DATA 1 1, ID 20169
050.625 Send DATA 6 1, ID 10174, Window 4, PHL Queue 14
050.719 Recv DATA 2 2, ID 20170
050.874 Send DATA 7 2, ID 10175, Window 4, PHL Queue 44
050.983 Recv DATA 3 3, ID 20171
051.137 Send DATA 0 3, ID 10176, Window 4, PHL Queue 46
051.248 Recv DATA 4 4, ID 20172
051.403 Send DATA 1 4, ID 10177, Window 4, PHL Queue 42
051.511 Recv DATA 5 5, ID 20173
051.665 Send DATA 2 5, ID 10178, Window 4, PHL Queue 46
051.774 Recv DATA 6 6, ID 20174
051.929 Send DATA 3 6, ID 10179, Window 4, PHL Queue 46
052.068 Recv DATA 7 7, ID 20175
052.072 .... 176 packets received, 7099 bps, 88.74%, Err 4 (9.8e-006)
052.192 Send DATA 4 7, ID 10180, Window 4, PHL Queue 48
052.301 Recv DATA 0 0, ID 20176
052.456 Send DATA 5 0, ID 10181, Window 4, PHL Queue 48
052.565 Recv DATA 1 1, ID 20177
052.734 Send DATA 6 1, ID 10182, Window 4, PHL Queue 20
052.842 Recv DATA 2 2, ID 20178
052.996 Send DATA 7 2, ID 10183, Window 4, PHL Queue 24
053.105 Recv DATA 3 3, ID 20179
053.273 Send DATA 0 3, ID 10184, Window 4, PHL Queue 0
053.369 Recv DATA 4 4, ID 20180
053.525 Send DATA 1 4, ID 10185, Window 4, PHL Queue 22
053.650 Recv DATA 5 5, ID 20181
053.804 Send DATA 2 5, ID 10186, Window 4, PHL Queue 0
053.897 Recv DATA 6 6, ID 20182
054.052 Send DATA 3 6, ID 10187, Window 4, PHL Queue 24
054.161 Recv DATA 7 7, ID 20183
054.163 .... 184 packets received, 7128 bps, 89.10%, Err 4 (9.4e-006)
054.315 Send DATA 4 7, ID 10188, Window 4, PHL Queue 26
054.439 Recv DATA 0 0, ID 20184
054.577 Send DATA 5 0, ID 10189, Window 4, PHL Queue 30
054.718 Recv DATA 1 1, ID 20185
054.840 Send DATA 6 1, ID 10190, Window 4, PHL Queue 32
054.949 Recv DATA 2 2, ID 20186
055.119 Send DATA 7 2, ID 10191, Window 4, PHL Queue 2
055.213 Recv DATA 3 3, ID 20187
055.384 Send DATA 0 3, ID 10192, Window 4, PHL Queue 0
055.494 Recv DATA 4 4, ID 20188
055.636 Send DATA 1 4, ID 10193, Window 4, PHL Queue 24
055.761 Recv DATA 5 5, ID 20189
055.764 Recv NAK  5
055.900 Send DATA 6 5, ID 10190, Window 0, PHL Queue 24
056.008 Receiver Error 5: Bad CRC Checksum
056.012 Send NAK  5
056.161 Send DATA 7 5, ID 10191, Window 1, PHL Queue 44
056.299 Recv DATA 7 5, ID 20191
056.439 Send DATA 0 5, ID 10192, Window 2, PHL Queue 16
056.579 Recv DATA 0 5, ID 20192
056.702 Send DATA 1 5, ID 10193, Window 3, PHL Queue 18
056.813 Recv DATA 1 5, ID 20193
056.954 Send DATA 2 5, ID 10194, Window 4, PHL Queue 42
057.064 Recv DATA 6 6, ID 20190
057.068 .... 191 packets received, 7014 bps, 87.68%, Err 5 (1.1e-005)
057.234 Send DATA 3 6, ID 10195, Window 4, PHL Queue 10
057.313 Recv DATA 7 7, ID 20191
057.485 Send DATA 4 7, ID 10196, Window 4, PHL Queue 36
057.624 Recv DATA 0 0, ID 20192
057.764 Send DATA 5 0, ID 10197, Window 4, PHL Queue 6
057.873 Recv DATA 1 1, ID 20193
058.012 Send DATA 6 1, ID 10198, Window 4, PHL Queue 38
058.138 Recv DATA 2 2, ID 20194
058.278 Send DATA 7 2, ID 10199, Window 4, PHL Queue 34
058.416 Recv DATA 3 3, ID 20195
058.539 Send DATA 0 3, ID 10200, Window 4, PHL Queue 40
058.682 Recv DATA 4 4, ID 20196
058.806 Send DATA 1 4, ID 10201, Window 4, PHL Queue 34
058.930 Recv DATA 5 5, ID 20197
059.071 Send DATA 2 5, ID 10202, Window 4, PHL Queue 32
059.196 Recv DATA 6 6, ID 20198
059.196 .... 199 packets received, 7039 bps, 87.99%, Err 5 (1.1e-005)
059.336 Send DATA 3 6, ID 10203, Window 4, PHL Queue 30
059.476 Recv DATA 7 7, ID 20199
059.602 Send DATA 4 7, ID 10204, Window 4, PHL Queue 26
059.758 Recv DATA 0 0, ID 20200
059.881 Send DATA 5 0, ID 10205, Window 4, PHL Queue 0
059.990 Recv DATA 1 1, ID 20201
060.129 Send DATA 6 1, ID 10206, Window 4, PHL Queue 28
060.254 Recv DATA 2 2, ID 20202
060.396 Send DATA 7 2, ID 10207, Window 4, PHL Queue 22
060.521 Recv DATA 3 3, ID 20203
060.662 Send DATA 0 3, ID 10208, Window 4, PHL Queue 18
060.756 Recv DATA 4 4, ID 20204
060.911 Send DATA 1 4, ID 10209, Window 4, PHL Queue 48
061.020 Recv DATA 5 5, ID 20205
061.176 Send DATA 2 5, ID 10210, Window 4, PHL Queue 46
061.287 Recv DATA 6 6, ID 20206
061.290 .... 207 packets received, 7067 bps, 88.33%, Err 5 (1.0e-005)
061.444 Send DATA 3 6, ID 10211, Window 4, PHL Queue 38
061.584 Recv DATA 7 7, ID 20207
061.710 Send DATA 4 7, ID 10212, Window 4, PHL Queue 34
061.852 Recv DATA 0 0, ID 20208
061.977 Send DATA 5 0, ID 10213, Window 4, PHL Queue 28
062.104 Recv DATA 1 1, ID 20209
062.243 Send DATA 6 1, ID 10214, Window 4, PHL Queue 24
062.367 Recv DATA 2 2, ID 20210
062.508 Send DATA 7 2, ID 10215, Window 4, PHL Queue 22
062.600 Recv DATA 3 3, ID 20211
062.786 Send DATA 0 3, ID 10216, Window 4, PHL Queue 0
062.863 Recv DATA 4 4, ID 20212
063.034 Send DATA 1 4, ID 10217, Window 4, PHL Queue 26
063.143 Recv DATA 5 5, ID 20213
063.311 Send DATA 2 5, ID 10218, Window 4, PHL Queue 0
063.402 Recv DATA 6 6, ID 20214
063.404 .... 215 packets received, 7090 bps, 88.62%, Err 5 (1.0e-005)
063.557 Send DATA 3 6, ID 10219, Window 4, PHL Queue 36
063.681 Recv DATA 7 7, ID 20215
063.819 Send DATA 4 7, ID 10220, Window 4, PHL Queue 40
063.959 Recv DATA 0 0, ID 20216
064.085 Send DATA 5 0, ID 10221, Window 4, PHL Queue 36
064.208 Recv DATA 1 1, ID 20217
064.363 Send DATA 6 1, ID 10222, Window 4, PHL Queue 8
064.441 Recv DATA 2 2, ID 20218
064.613 Send DATA 7 2, ID 10223, Window 4, PHL Queue 36
064.736 Recv DATA 3 3, ID 20219
064.878 Send DATA 0 3, ID 10224, Window 4, PHL Queue 34
065.004 Recv DATA 4 4, ID 20220
065.142 Send DATA 1 4, ID 10225, Window 4, PHL Queue 34
065.279 Recv DATA 5 5, ID 20221
065.418 Send DATA 2 5, ID 10226, Window 4, PHL Queue 10
065.527 Recv DATA 6 6, ID 20222
065.531 .... 223 packets received, 7110 bps, 88.88%, Err 5 (9.7e-006)
065.668 Send DATA 3 6, ID 10227, Window 4, PHL Queue 38
065.777 Recv DATA 7 7, ID 20223
065.931 Send DATA 4 7, ID 10228, Window 4, PHL Queue 40
066.057 Recv DATA 0 0, ID 20224
066.196 Send DATA 5 0, ID 10229, Window 4, PHL Queue 38
066.335 Recv DATA 1 1, ID 20225
066.475 Send DATA 6 1, ID 10230, Window 4, PHL Queue 8
066.566 Recv DATA 2 2, ID 20226
066.722 Send DATA 7 2, ID 10231, Window 4, PHL Queue 42
066.846 Recv DATA 3 3, ID 20227
066.987 Send DATA 0 3, ID 10232, Window 4, PHL Queue 40
067.113 Recv DATA 4 4, ID 20228
067.251 Send DATA 1 4, ID 10233, Window 4, PHL Queue 40
067.359 Recv DATA 5 5, ID 20229
067.515 Send DATA 2 5, ID 10234, Window 4, PHL Queue 40
067.655 Receiver Error 6: Bad CRC Checksum
067.656 Send NAK  5
067.809 Send DATA 3 5, ID 10235, Window 5, PHL Queue 0
067.886 Recv DATA 7 7, ID 20231
068.056 Send DATA 4 5, ID 10236, Window 4, PHL Queue 28
068.150 Recv DATA 0 0, ID 20232
068.321 Send DATA 5 5, ID 10237, Window 4, PHL Queue 26
068.446 Recv DATA 1 1, ID 20233
068.586 Send DATA 6 5, ID 10238, Window 4, PHL Queue 24
068.679 Recv DATA 6 2, ID 20230
068.681 .... 231 packets received, 7021 bps, 87.76%, Err 6 (1.1e-005)
068.864 Send DATA 7 6, ID 10239, Window 4, PHL Queue 0
068.956 Recv DATA 7 3, ID 20231
069.112 Send DATA 0 7, ID 10240, Window 4, PHL Queue 28
069.219 Recv DATA 0 4, ID 20232
069.389 Send DATA 1 0, ID 10241, Window 4, PHL Queue 2
069.482 Recv DATA 1 5, ID 20233
069.651 Send DATA 2 1, ID 10242, Window 4, PHL Queue 6
069.774 Recv DATA 2 6, ID 20234
069.898 Send DATA 3 2, ID 10243, Window 4, PHL Queue 40
070.007 Recv DATA 3 7, ID 20235
070.179 Send DATA 4 3, ID 10244, Window 4, PHL Queue 6
070.271 Recv DATA 4 0, ID 20236
070.426 Send DATA 5 4, ID 10245, Window 4, PHL Queue 40
070.550 Receiver Error 7: Bad CRC Checksum
070.552 Send NAK  4
070.704 Send DATA 6 4, ID 10246, Window 5, PHL Queue 26
070.827 Recv DATA 6 2, ID 20238
070.980 Send DATA 7 4, ID 10247, Window 4, PHL Queue 2
071.059 Recv DATA 7 3, ID 20239
071.245 Send DATA 0 4, ID 10248, Window 4, PHL Queue 0
071.336 Recv DATA 0 4, ID 20240
071.491 Send DATA 1 4, ID 10249, Window 4, PHL Queue 36
071.614 Recv DATA 1 5, ID 20241
071.768 Send DATA 2 4, ID 10250, Window 4, PHL Queue 10
071.847 Recv DATA 5 6, ID 20237
071.849 .... 238 packets received, 6909 bps, 86.36%, Err 7 (1.2e-005)
072.033 Send DATA 3 5, ID 10251, Window 4, PHL Queue 8
072.112 Recv DATA 6 7, ID 20238
072.298 Send DATA 4 6, ID 10252, Window 4, PHL Queue 6
072.407 Recv DATA 7 0, ID 20239
072.549 Send DATA 5 7, ID 10253, Window 4, PHL Queue 32
072.659 Recv DATA 0 1, ID 20240
072.813 Send DATA 6 0, ID 10254, Window 4, PHL Queue 32
072.937 Recv DATA 1 2, ID 20241
073.077 Send DATA 7 1, ID 10255, Window 4, PHL Queue 32
073.172 Recv DATA 2 3, ID 20242
073.358 Send DATA 0 2, ID 10256, Window 4, PHL Queue 0
073.481 Recv DATA 3 4, ID 20243
073.606 Send DATA 1 3, ID 10257, Window 4, PHL Queue 30
073.684 Recv DATA 4 5, ID 20244
073.873 Send DATA 2 4, ID 10258, Window 4, PHL Queue 24
073.965 Recv DATA 5 6, ID 20245
073.969 .... 246 packets received, 6933 bps, 86.66%, Err 7 (1.2e-005)
074.137 Send DATA 3 5, ID 10259, Window 4, PHL Queue 24
074.245 Recv DATA 6 7, ID 20246
074.401 Send DATA 4 6, ID 10260, Window 4, PHL Queue 24
074.512 Recv DATA 7 0, ID 20247
074.663 Send DATA 5 7, ID 10261, Window 4, PHL Queue 28
074.787 Recv DATA 0 1, ID 20248
074.926 Send DATA 6 0, ID 10262, Window 4, PHL Queue 30
075.036 Recv DATA 1 2, ID 20249
075.191 Send DATA 7 1, ID 10263, Window 4, PHL Queue 28
075.316 Recv DATA 2 3, ID 20250
075.455 Send DATA 0 2, ID 10264, Window 4, PHL Queue 28
075.548 Recv DATA 3 4, ID 20251
075.719 Send DATA 1 3, ID 10265, Window 4, PHL Queue 28
075.798 Recv DATA 4 5, ID 20252
075.983 Send DATA 2 4, ID 10266, Window 4, PHL Queue 28
076.093 Recv DATA 5 6, ID 20253
076.094 .... 254 packets received, 6955 bps, 86.94%, Err 7 (1.2e-005)
076.263 Send DATA 3 5, ID 10267, Window 4, PHL Queue 0
076.354 Recv DATA 6 7, ID 20254
076.509 Send DATA 4 6, ID 10268, Window 4, PHL Queue 34
076.619 Recv DATA 7 0, ID 20255
076.788 Send DATA 5 7, ID 10269, Window 4, PHL Queue 4
076.880 Recv DATA 0 1, ID 20256
077.051 Send DATA 6 0, ID 10270, Window 4, PHL Queue 6
077.158 Recv DATA 1 2, ID 20257
077.314 Send DATA 7 1, ID 10271, Window 4, PHL Queue 8
077.378 Recv DATA 2 3, ID 20258
077.581 Send DATA 0 2, ID 10272, Window 4, PHL Queue 2
077.644 Recv DATA 3 4, ID 20259
077.675 Recv NAK  4
077.845 Send DATA 5 3, ID 10269, Window 0, PHL Queue 2
077.954 Recv DATA 4 4, ID 20260
078.093 Send DATA 6 4, ID 10270, Window 1, PHL Queue 34
078.218 Recv DATA 5 4, ID 20261
078.220 .... 262 packets received, 6976 bps, 87.20%, Err 7 (1.1e-005)
078.358 Send DATA 7 5, ID 10271, Window 2, PHL Queue 32
078.468 Recv DATA 6 4, ID 20262
078.623 Send DATA 0 6, ID 10272, Window 3, PHL Queue 30
078.731 Recv DATA 7 4, ID 20263
078.886 Send DATA 1 7, ID 10273, Window 4, PHL Queue 32
078.995 Recv DATA 0 5, ID 20264
079.151 Send DATA 2 0, ID 10274, Window 4, PHL Queue 30
079.261 Recv DATA 1 6, ID 20265
079.431 Send DATA 3 1, ID 10275, Window 4, PHL Queue 0
079.554 Recv DATA 2 7, ID 20266
079.678 Send DATA 4 2, ID 10276, Window 4, PHL Queue 32
079.787 Recv DATA 3 0, ID 20267
079.942 Send DATA 5 3, ID 10277, Window 4, PHL Queue 32
080.035 Recv DATA 4 1, ID 20268
080.223 Send DATA 6 4, ID 10278, Window 4, PHL Queue 0
080.329 Recv DATA 5 2, ID 20269
080.334 .... 270 packets received, 6997 bps, 87.46%, Err 7 (1.1e-005)
080.485 Send DATA 7 5, ID 10279, Window 4, PHL Queue 2
080.563 Recv DATA 6 3, ID 20270
080.746 Send DATA 0 6, ID 10280, Window 4, PHL Queue 8
080.826 Recv DATA 7 4, ID 20271
080.998 Send DATA 1 7, ID 10281, Window 4, PHL Queue 32
081.137 Recv DATA 0 5, ID 20272
081.278 Send DATA 2 0, ID 10282, Window 4, PHL Queue 0
081.371 Recv DATA 1 6, ID 20273
081.543 Send DATA 3 1, ID 10283, Window 4, PHL Queue 0
081.652 Recv DATA 2 7, ID 20274
081.806 Send DATA 4 2, ID 10284, Window 4, PHL Queue 0
081.914 Recv DATA 3 0, ID 20275
082.068 Send DATA 5 3, ID 10285, Window 4, PHL Queue 4
082.146 Recv DATA 4 1, ID 20276
082.317 Send DATA 6 4, ID 10286, Window 4, PHL Queue 34
082.410 Recv DATA 5 2, ID 20277
082.410 .... 278 packets received, 7019 bps, 87.74%, Err 7 (1.1e-005)
082.582 Send DATA 7 5, ID 10287, Window 4, PHL Queue 32
082.677 Recv DATA 6 3, ID 20278
082.848 Send DATA 0 6, ID 10288, Window 4, PHL Queue 28
082.956 Recv DATA 7 4, ID 20279
083.127 Send DATA 1 7, ID 10289, Window 4, PHL Queue 0
083.220 Recv DATA 0 5, ID 20280
083.393 Send DATA 2 0, ID 10290, Window 4, PHL Queue 0
083.501 Recv DATA 1 6, ID 20281
083.639 Send DATA 3 1, ID 10291, Window 4, PHL Queue 30
083.732 Recv DATA 2 7, ID 20282
083.903 Send DATA 4 2, ID 10292, Window 4, PHL Queue 30
084.012 Recv DATA 3 0, ID 20283
084.181 Send DATA 5 3, ID 10293, Window 4, PHL Queue 2
084.289 Recv DATA 4 1, ID 20284
084.428 Send DATA 6 4, ID 10294, Window 4, PHL Queue 36
