000.000 =============================================================
000.000                     Station B                               
000.000 -------------------------------------------------------------
000.000 Protocol.lib, version 4.0, jiangyanjun0718@bupt.edu.cn
000.000 Channel: 8000 bps, 270 ms propagation delay, bit error rate 1.0E-005
000.000 Log file "E:\BUPT\doc\计算机网络实验\Lab1(Win+Linux)(2)\Lab1(Win+Linux)\Lab1-Windows-VS2017\Example\gobackn-B.log", TCP port 59144, debug mask 0x03
000.000 Station B is connecting station A (TCP port 59144) ... Done.
000.142 New epoch: Tue May 06 00:59:06 2025
000.143 =================================================================
000.144 
000.144 Designed by Jiang Yanjun, build: Oct 28 2018  16:37:57
000.145 Protocol Options: Piggybacking (Enabled), NAK (Enabled)
000.740 Recv DATA 0 7, ID 10000
000.975 Recv DATA 1 7, ID 10001
001.021 Send ACK  1
001.053 Send DATA 0 1, ID 20000, Window 0, PHL Queue 0
001.271 Send DATA 1 1, ID 20001, Window 1, PHL Queue 32
001.303 Recv DATA 2 7, ID 10002
001.534 Recv DATA 3 7, ID 10003
001.536 Send DATA 2 3, ID 20002, Window 2, PHL Queue 30
001.798 Recv DATA 4 7, ID 10004
001.800 Send DATA 3 4, ID 20003, Window 3, PHL Queue 30
002.062 Recv DATA 5 7, ID 10005
002.064 Send DATA 4 5, ID 20004, Window 4, PHL Queue 30
002.328 Recv DATA 6 0, ID 10006
002.334 Send DATA 5 6, ID 20005, Window 4, PHL Queue 18
002.607 Recv DATA 7 1, ID 10007
002.612 .... 8 packets received, 7606 bps, 95.08%, Err 0 (0.0e+000)
002.616 Send DATA 6 7, ID 20006, Window 4, PHL Queue 0
002.838 Recv DATA 0 2, ID 10008
002.843 Recv NAK  2
002.869 Send DATA 3 0, ID 20003, Window 0, PHL Queue 4
003.119 Recv DATA 1 2, ID 10009
003.125 Send DATA 4 1, ID 20004, Window 1, PHL Queue 20
003.384 Send DATA 5 1, ID 20005, Window 2, PHL Queue 30
003.389 Recv DATA 2 2, ID 10010
003.651 Recv DATA 3 2, ID 10011
003.657 Send ACK  3
003.658 Send DATA 6 3, ID 20006, Window 3, PHL Queue 24
003.917 Recv DATA 4 2, ID 10012
003.922 Send DATA 7 4, ID 20007, Window 4, PHL Queue 24
004.164 Recv DATA 5 3, ID 10013
004.195 Send DATA 0 5, ID 20008, Window 4, PHL Queue 6
004.429 Recv DATA 6 4, ID 10014
004.461 Send DATA 1 6, ID 20009, Window 4, PHL Queue 2
004.695 Recv DATA 7 5, ID 10015
004.699 .... 16 packets received, 7725 bps, 96.56%, Err 0 (0.0e+000)
004.702 Send DATA 2 7, ID 20010, Window 4, PHL Queue 48
004.976 Recv DATA 0 6, ID 10016
004.980 Send DATA 3 0, ID 20011, Window 4, PHL Queue 20
005.237 Send DATA 4 0, ID 20012, Window 5, PHL Queue 34
005.242 Receiver Error 1: Bad CRC Checksum
005.244 Send NAK  0
005.488 Recv DATA 2 0, ID 10018
005.519 Send DATA 5 0, ID 20013, Window 4, PHL Queue 12
005.750 Recv DATA 3 1, ID 10019
005.781 Send DATA 6 0, ID 20014, Window 4, PHL Queue 16
006.032 Recv DATA 4 2, ID 10020
006.036 Send DATA 7 0, ID 20015, Window 4, PHL Queue 34
006.296 Recv DATA 5 3, ID 10021
006.300 Send DATA 0 0, ID 20016, Window 4, PHL Queue 34
006.545 Recv DATA 1 4, ID 10017
006.576 Send DATA 1 1, ID 20017, Window 4, PHL Queue 10
006.795 Recv DATA 2 5, ID 10018
006.800 .... 19 packets received, 6136 bps, 76.70%, Err 1 (1.9e-005)
006.827 Send DATA 2 2, ID 20018, Window 4, PHL Queue 36
007.089 Recv DATA 3 6, ID 10019
007.092 Send DATA 3 3, ID 20019, Window 4, PHL Queue 34
007.320 Recv DATA 4 7, ID 10020
007.351 Send DATA 4 4, ID 20020, Window 4, PHL Queue 44
007.585 Recv DATA 5 0, ID 10021
007.615 Send DATA 5 5, ID 20021, Window 4, PHL Queue 44
007.878 Recv DATA 6 1, ID 10022
007.881 Send DATA 6 6, ID 20022, Window 4, PHL Queue 40
008.125 Recv DATA 7 2, ID 10023
008.156 Send DATA 7 7, ID 20023, Window 4, PHL Queue 18
008.392 Recv DATA 0 3, ID 10024
008.424 Send DATA 0 0, ID 20024, Window 4, PHL Queue 10
008.675 Recv DATA 1 4, ID 10025
008.679 Send DATA 1 1, ID 20025, Window 4, PHL Queue 28
008.920 Recv DATA 2 5, ID 10026
008.922 .... 27 packets received, 6531 bps, 81.63%, Err 1 (1.4e-005)
008.951 Send DATA 2 2, ID 20026, Window 4, PHL Queue 12
009.201 Recv DATA 3 6, ID 10027
009.206 Send DATA 3 3, ID 20027, Window 4, PHL Queue 30
009.449 Recv DATA 4 7, ID 10028
009.480 Send DATA 4 4, ID 20028, Window 4, PHL Queue 10
009.725 Recv DATA 5 0, ID 10029
009.730 Send DATA 5 5, ID 20029, Window 4, PHL Queue 38
010.004 Recv DATA 6 1, ID 10030
010.009 Send DATA 6 6, ID 20030, Window 4, PHL Queue 8
010.234 Recv DATA 7 2, ID 10031
010.265 Send DATA 7 7, ID 20031, Window 4, PHL Queue 24
010.528 Recv DATA 0 3, ID 10032
010.533 Send DATA 0 0, ID 20032, Window 4, PHL Queue 16
010.806 Recv DATA 1 4, ID 10033
010.809 Send DATA 1 1, ID 20033, Window 4, PHL Queue 0
011.054 Recv DATA 2 5, ID 10034
011.058 .... 35 packets received, 6762 bps, 84.52%, Err 1 (1.2e-005)
011.061 Send DATA 2 2, ID 20034, Window 4, PHL Queue 16
011.303 Recv DATA 3 6, ID 10035
011.333 Send DATA 3 3, ID 20035, Window 4, PHL Queue 0
011.553 Recv DATA 4 7, ID 10036
011.583 Send DATA 4 4, ID 20036, Window 4, PHL Queue 28
011.849 Recv DATA 5 0, ID 10037
011.851 Send DATA 5 5, ID 20037, Window 4, PHL Queue 20
012.095 Recv DATA 6 1, ID 10038
012.126 Send DATA 6 6, ID 20038, Window 4, PHL Queue 0
012.359 Recv DATA 7 2, ID 10039
012.390 Send DATA 7 7, ID 20039, Window 4, PHL Queue 0
012.653 Recv DATA 0 3, ID 10040
012.656 Send DATA 0 0, ID 20040, Window 4, PHL Queue 0
012.886 Recv DATA 1 4, ID 10041
012.916 Send DATA 1 1, ID 20041, Window 4, PHL Queue 2
013.133 Recv DATA 2 5, ID 10042
013.138 .... 43 packets received, 6945 bps, 86.81%, Err 1 (9.7e-006)
013.165 Send DATA 2 2, ID 20042, Window 4, PHL Queue 32
013.415 Recv DATA 3 6, ID 10043
013.446 Send DATA 3 3, ID 20043, Window 4, PHL Queue 0
013.680 Recv DATA 4 7, ID 10044
013.711 Send DATA 4 4, ID 20044, Window 4, PHL Queue 0
013.956 Recv DATA 5 0, ID 10045
013.960 Send DATA 5 5, ID 20045, Window 4, PHL Queue 26
014.201 Recv DATA 6 1, ID 10046
014.233 Send DATA 6 6, ID 20046, Window 4, PHL Queue 8
014.482 Recv DATA 7 2, ID 10047
014.485 Send DATA 7 7, ID 20047, Window 4, PHL Queue 32
014.763 Recv DATA 0 3, ID 10048
014.768 Send DATA 0 0, ID 20048, Window 4, PHL Queue 0
014.977 Recv DATA 1 4, ID 10049
015.008 Send DATA 1 1, ID 20049, Window 4, PHL Queue 42
015.286 Recv DATA 2 5, ID 10050
015.292 .... 51 packets received, 7042 bps, 88.02%, Err 1 (8.3e-006)
015.295 Send DATA 2 2, ID 20050, Window 4, PHL Queue 0
015.535 Recv DATA 3 6, ID 10051
015.537 Send DATA 3 3, ID 20051, Window 4, PHL Queue 40
015.799 Recv DATA 4 7, ID 10052
015.800 Send DATA 4 4, ID 20052, Window 4, PHL Queue 42
016.047 Recv DATA 5 0, ID 10053
016.078 Send DATA 5 5, ID 20053, Window 4, PHL Queue 14
016.328 Recv DATA 6 1, ID 10054
016.332 Send DATA 6 6, ID 20054, Window 4, PHL Queue 34
016.606 Recv DATA 7 2, ID 10055
016.611 Send DATA 7 7, ID 20055, Window 4, PHL Queue 4
016.855 Send DATA 0 7, ID 20056, Window 5, PHL Queue 44
016.886 Recv DATA 0 3, ID 10056
017.102 Recv DATA 1 4, ID 10057
017.133 Send DATA 1 1, ID 20057, Window 4, PHL Queue 16
017.384 Recv DATA 2 5, ID 10058
017.388 .... 59 packets received, 7137 bps, 89.21%, Err 1 (7.3e-006)
017.391 Send DATA 2 2, ID 20058, Window 4, PHL Queue 28
017.646 Send DATA 3 2, ID 20059, Window 5, PHL Queue 46
017.652 Recv DATA 3 6, ID 10059
017.894 Recv DATA 4 7, ID 10060
017.926 Send ACK  4
017.928 Send DATA 4 4, ID 20060, Window 4, PHL Queue 24
018.160 Recv DATA 5 0, ID 10061
018.191 Send DATA 5 5, ID 20061, Window 4, PHL Queue 26
018.469 Recv DATA 6 1, ID 10062
018.475 Send DATA 6 6, ID 20062, Window 4, PHL Queue 0
018.671 Recv DATA 7 2, ID 10063
018.718 Send DATA 7 7, ID 20063, Window 4, PHL Queue 28
018.967 Recv DATA 0 3, ID 10064
018.998 Send DATA 0 0, ID 20064, Window 4, PHL Queue 0
019.214 Recv DATA 1 4, ID 10065
019.245 Send DATA 1 1, ID 20065, Window 4, PHL Queue 30
019.491 Recv DATA 2 5, ID 10066
019.492 .... 67 packets received, 7207 bps, 90.09%, Err 1 (6.5e-006)
019.521 Send DATA 2 2, ID 20066, Window 4, PHL Queue 6
019.736 Recv DATA 3 6, ID 10067
019.767 Send DATA 3 3, ID 20067, Window 4, PHL Queue 42
020.001 Recv DATA 4 7, ID 10068
020.032 Send DATA 4 4, ID 20068, Window 4, PHL Queue 40
020.266 Recv DATA 5 0, ID 10069
020.296 Send DATA 5 5, ID 20069, Window 4, PHL Queue 40
020.544 Recv DATA 6 1, ID 10070
020.576 Send DATA 6 6, ID 20070, Window 4, PHL Queue 8
020.825 Recv DATA 7 2, ID 10071
020.830 Send DATA 7 7, ID 20071, Window 4, PHL Queue 28
021.091 Recv DATA 0 3, ID 10072
021.096 Send DATA 0 0, ID 20072, Window 4, PHL Queue 24
021.341 Recv DATA 1 4, ID 10073
021.371 Send DATA 1 1, ID 20073, Window 4, PHL Queue 2
021.590 Recv DATA 2 5, ID 10074
021.594 .... 75 packets received, 7267 bps, 90.84%, Err 1 (5.9e-006)
021.621 Send DATA 2 2, ID 20074, Window 4, PHL Queue 30
021.870 Recv DATA 3 6, ID 10075
021.901 Send DATA 3 3, ID 20075, Window 4, PHL Queue 0
022.119 Recv DATA 4 7, ID 10076
022.151 Send DATA 4 4, ID 20076, Window 4, PHL Queue 26
022.384 Recv DATA 5 0, ID 10077
022.416 Send DATA 5 5, ID 20077, Window 4, PHL Queue 24
022.648 Receiver Error 2: Bad CRC Checksum
022.649 Send NAK  5
022.680 Send DATA 6 5, ID 20078, Window 5, PHL Queue 38
022.909 Recv DATA 7 2, ID 10079
022.941 Send DATA 7 5, ID 20079, Window 4, PHL Queue 44
023.202 Recv DATA 0 3, ID 10080
023.206 Send DATA 0 5, ID 20080, Window 4, PHL Queue 42
023.433 Recv DATA 1 4, ID 10081
023.479 Send DATA 1 5, ID 20081, Window 4, PHL Queue 24
023.711 Recv DATA 6 5, ID 10078
023.715 .... 79 packets received, 6956 bps, 86.96%, Err 2 (1.1e-005)
023.742 Send DATA 2 6, ID 20082, Window 4, PHL Queue 26
023.989 Recv DATA 7 6, ID 10079
024.020 Send DATA 3 7, ID 20083, Window 4, PHL Queue 0
024.238 Receiver Error 3: Bad CRC Checksum
024.239 Send NAK  7
024.269 Send DATA 4 7, ID 20084, Window 5, PHL Queue 42
024.520 Recv DATA 1 0, ID 10081
024.550 Send DATA 5 7, ID 20085, Window 4, PHL Queue 8
024.798 Recv DATA 2 1, ID 10082
024.802 Send DATA 6 7, ID 20086, Window 4, PHL Queue 32
025.030 Recv DATA 3 2, ID 10083
025.061 Send DATA 7 7, ID 20087, Window 4, PHL Queue 42
025.293 Recv DATA 0 3, ID 10080
025.324 Send DATA 0 0, ID 20088, Window 4, PHL Queue 44
025.587 Recv DATA 1 4, ID 10081
025.591 Send DATA 1 1, ID 20089, Window 4, PHL Queue 38
025.820 Recv DATA 2 5, ID 10082
025.823 .... 83 packets received, 6701 bps, 83.76%, Err 3 (1.5e-005)
025.851 Send DATA 2 2, ID 20090, Window 4, PHL Queue 46
026.068 Recv DATA 3 6, ID 10083
026.131 Send DATA 3 3, ID 20091, Window 4, PHL Queue 14
026.349 Recv DATA 4 7, ID 10084
026.381 Send DATA 4 4, ID 20092, Window 4, PHL Queue 42
026.615 Recv DATA 5 0, ID 10085
026.646 Send DATA 5 5, ID 20093, Window 4, PHL Queue 40
026.862 Recv DATA 6 1, ID 10086
026.925 Send DATA 6 6, ID 20094, Window 4, PHL Queue 10
027.142 Recv DATA 7 2, ID 10087
027.173 Send DATA 7 7, ID 20095, Window 4, PHL Queue 42
027.420 Recv DATA 0 3, ID 10088
027.451 Send DATA 0 0, ID 20096, Window 4, PHL Queue 14
027.685 Recv DATA 1 4, ID 10089
027.717 Send DATA 1 1, ID 20097, Window 4, PHL Queue 10
027.964 Recv DATA 2 5, ID 10090
027.966 .... 91 packets received, 6774 bps, 84.68%, Err 3 (1.4e-005)
027.971 Send DATA 2 2, ID 20098, Window 4, PHL Queue 30
028.196 Recv DATA 3 6, ID 10091
028.226 Send DATA 3 3, ID 20099, Window 4, PHL Queue 48
028.474 Recv DATA 4 7, ID 10092
028.505 Send DATA 4 4, ID 20100, Window 4, PHL Queue 18
028.723 Recv DATA 5 0, ID 10093
028.754 Send DATA 5 5, ID 20101, Window 4, PHL Queue 48
028.986 Recv DATA 6 1, ID 10094
029.018 Send DATA 6 6, ID 20102, Window 4, PHL Queue 48
029.251 Recv DATA 7 2, ID 10095
029.282 Send DATA 7 7, ID 20103, Window 4, PHL Queue 48
029.515 Recv DATA 0 3, ID 10096
029.546 Send DATA 0 0, ID 20104, Window 4, PHL Queue 48
029.779 Recv DATA 1 4, ID 10097
029.811 Send DATA 1 1, ID 20105, Window 4, PHL Queue 46
030.059 Recv DATA 2 5, ID 10098
030.062 .... 99 packets received, 6848 bps, 85.60%, Err 3 (1.3e-005)
030.089 Send DATA 2 2, ID 20106, Window 4, PHL Queue 18
030.354 Recv DATA 3 6, ID 10099
030.361 Send DATA 3 3, ID 20107, Window 4, PHL Queue 2
030.574 Recv DATA 4 7, ID 10100
030.605 Send DATA 4 4, ID 20108, Window 4, PHL Queue 42
030.839 Recv DATA 5 0, ID 10101
030.871 Send DATA 5 5, ID 20109, Window 4, PHL Queue 38
031.088 Recv DATA 6 1, ID 10102
031.150 Send DATA 6 6, ID 20110, Window 4, PHL Queue 8
031.352 Recv DATA 7 2, ID 10103
031.414 Send DATA 7 7, ID 20111, Window 4, PHL Queue 8
031.617 Recv DATA 0 3, ID 10104
031.649 Recv NAK  3
031.681 Send DATA 4 0, ID 20108, Window 0, PHL Queue 2
031.913 Recv DATA 1 3, ID 10105
031.944 Send DATA 5 1, ID 20109, Window 1, PHL Queue 4
032.163 Recv DATA 2 3, ID 10106
032.168 .... 107 packets received, 6911 bps, 86.38%, Err 3 (1.2e-005)
032.194 Send DATA 6 2, ID 20110, Window 2, PHL Queue 32
032.428 Recv DATA 3 3, ID 10107
032.458 Send DATA 7 3, ID 20111, Window 3, PHL Queue 32
032.706 Recv DATA 4 3, ID 10108
032.737 Send DATA 0 4, ID 20112, Window 4, PHL Queue 2
032.939 Recv DATA 5 4, ID 10109
033.001 Send DATA 1 5, ID 20113, Window 4, PHL Queue 2
033.205 Recv DATA 6 5, ID 10110
033.252 Send DATA 2 6, ID 20114, Window 4, PHL Queue 28
033.469 Recv DATA 7 6, ID 10111
033.516 Send DATA 3 7, ID 20115, Window 4, PHL Queue 28
033.735 Recv DATA 0 7, ID 10112
033.783 Send DATA 4 0, ID 20116, Window 4, PHL Queue 22
034.033 Recv DATA 1 0, ID 10113
034.038 Send DATA 5 1, ID 20117, Window 4, PHL Queue 40
034.267 Recv DATA 2 1, ID 10114
034.270 .... 115 packets received, 6965 bps, 87.06%, Err 3 (1.1e-005)
034.313 Send DATA 6 2, ID 20118, Window 4, PHL Queue 18
034.560 Recv DATA 3 2, ID 10115
034.563 Send DATA 7 3, ID 20119, Window 4, PHL Queue 46
034.794 Recv DATA 4 3, ID 10116
034.826 Send DATA 0 4, ID 20120, Window 4, PHL Queue 48
035.092 Recv DATA 5 4, ID 10117
035.098 Send DATA 1 5, ID 20121, Window 4, PHL Queue 32
035.358 Recv DATA 6 5, ID 10118
035.359 Send DATA 2 6, ID 20122, Window 4, PHL Queue 38
035.589 Recv DATA 7 6, ID 10119
035.619 Send DATA 3 7, ID 20123, Window 4, PHL Queue 46
035.871 Recv DATA 0 7, ID 10120
035.902 Send DATA 4 0, ID 20124, Window 4, PHL Queue 8
036.149 Recv DATA 1 0, ID 10121
036.152 Send DATA 5 1, ID 20125, Window 4, PHL Queue 36
036.385 Recv DATA 2 1, ID 10122
036.386 .... 123 packets received, 7011 bps, 87.63%, Err 4 (1.4e-005)
036.417 Send DATA 6 2, ID 20126, Window 4, PHL Queue 34
036.666 Recv DATA 3 2, ID 10123
036.698 Send DATA 7 3, ID 20127, Window 4, PHL Queue 0
036.916 Recv DATA 4 3, ID 10124
036.949 Send DATA 0 4, ID 20128, Window 4, PHL Queue 26
037.199 Recv DATA 5 4, ID 10125
037.204 Send DATA 1 5, ID 20129, Window 4, PHL Queue 44
037.432 Recv DATA 6 5, ID 10126
037.479 Send DATA 2 6, ID 20130, Window 4, PHL Queue 22
037.726 Recv DATA 7 6, ID 10127
037.730 Send DATA 3 7, ID 20131, Window 4, PHL Queue 48
037.959 Recv DATA 0 7, ID 10128
038.006 Send DATA 4 0, ID 20132, Window 4, PHL Queue 24
038.225 Recv DATA 1 0, ID 10129
038.286 Send DATA 5 1, ID 20133, Window 4, PHL Queue 0
038.488 Recv DATA 2 1, ID 10130
038.492 .... 131 packets received, 7054 bps, 88.17%, Err 4 (1.3e-005)
038.535 Send DATA 6 2, ID 20134, Window 4, PHL Queue 22
038.770 Recv DATA 3 2, ID 10131
038.800 Send DATA 7 3, ID 20135, Window 4, PHL Queue 20
039.015 Recv DATA 4 3, ID 10132
039.077 Send DATA 0 4, ID 20136, Window 4, PHL Queue 0
039.307 Recv DATA 5 4, ID 10133
039.339 Send DATA 1 5, ID 20137, Window 4, PHL Queue 0
039.540 Recv DATA 6 5, ID 10134
039.589 Send DATA 2 6, ID 20138, Window 4, PHL Queue 26
039.838 Recv DATA 7 6, ID 10135
039.842 Send DATA 3 7, ID 20139, Window 4, PHL Queue 48
040.086 Recv DATA 0 7, ID 10136
040.116 Send DATA 4 0, ID 20140, Window 4, PHL Queue 28
040.332 Recv DATA 1 0, ID 10137
040.394 Send DATA 5 1, ID 20141, Window 4, PHL Queue 0
040.610 Recv DATA 2 1, ID 10138
040.614 .... 139 packets received, 7089 bps, 88.61%, Err 4 (1.2e-005)
040.641 Send DATA 6 2, ID 20142, Window 4, PHL Queue 34
040.889 Recv DATA 3 2, ID 10139
040.920 Send DATA 7 3, ID 20143, Window 4, PHL Queue 4
041.136 Recv DATA 4 3, ID 10140
041.168 Send DATA 0 4, ID 20144, Window 4, PHL Queue 36
041.402 Recv DATA 5 4, ID 10141
041.433 Send DATA 1 5, ID 20145, Window 4, PHL Queue 34
041.679 Recv DATA 6 5, ID 10142
041.711 Send DATA 2 6, ID 20146, Window 4, PHL Queue 6
041.943 Recv DATA 7 6, ID 10143
041.974 Send DATA 3 7, ID 20147, Window 4, PHL Queue 8
042.192 Recv DATA 0 7, ID 10144
042.223 Send DATA 4 0, ID 20148, Window 4, PHL Queue 38
042.470 Recv DATA 1 0, ID 10145
042.501 Send DATA 5 1, ID 20149, Window 4, PHL Queue 10
042.752 Recv DATA 2 1, ID 10146
042.756 .... 147 packets received, 7117 bps, 88.97%, Err 4 (1.2e-005)
042.760 Send DATA 6 2, ID 20150, Window 4, PHL Queue 20
043.018 Send DATA 7 2, ID 20151, Window 5, PHL Queue 32
043.024 Recv DATA 3 2, ID 10147
043.266 Recv DATA 4 3, ID 10148
043.299 Send ACK  4
043.300 Send DATA 0 4, ID 20152, Window 4, PHL Queue 10
043.500 Recv DATA 5 4, ID 10149
043.547 Send DATA 1 5, ID 20153, Window 4, PHL Queue 44
043.765 Recv DATA 6 5, ID 10150
043.812 Send DATA 2 6, ID 20154, Window 4, PHL Queue 42
044.075 Recv DATA 7 6, ID 10151
044.079 Send DATA 3 7, ID 20155, Window 4, PHL Queue 36
044.308 Recv DATA 0 7, ID 10152
044.340 Send DATA 4 0, ID 20156, Window 4, PHL Queue 42
044.588 Recv DATA 1 0, ID 10153
044.619 Send DATA 5 1, ID 20157, Window 4, PHL Queue 12
044.854 Recv DATA 2 1, ID 10154
044.858 .... 155 packets received, 7149 bps, 89.37%, Err 4 (1.1e-005)
044.886 Send DATA 6 2, ID 20158, Window 4, PHL Queue 6
045.118 Recv DATA 3 2, ID 10155
045.149 Send DATA 7 3, ID 20159, Window 4, PHL Queue 8
045.351 Receiver Error 4: Bad CRC Checksum
045.352 Send NAK  3
045.415 Send DATA 0 3, ID 20160, Window 5, PHL Queue 18
045.649 Recv DATA 5 4, ID 10157
045.681 Send DATA 1 3, ID 20161, Window 4, PHL Queue 14
045.866 Recv DATA 6 5, ID 10158
045.942 Send DATA 2 3, ID 20162, Window 4, PHL Queue 20
046.161 Recv DATA 7 6, ID 10159
046.208 Send DATA 3 3, ID 20163, Window 4, PHL Queue 16
046.438 Recv DATA 4 7, ID 10156
046.470 Send DATA 4 4, ID 20164, Window 4, PHL Queue 20
046.671 Recv DATA 5 0, ID 10157
046.733 Send DATA 5 5, ID 20165, Window 4, PHL Queue 22
046.952 Recv DATA 6 1, ID 10158
046.957 .... 159 packets received, 7003 bps, 87.54%, Err 5 (1.3e-005)
046.998 Send DATA 6 6, ID 20166, Window 4, PHL Queue 20
047.229 Recv DATA 7 2, ID 10159
047.260 Recv NAK  2
047.262 Send DATA 3 7, ID 20163, Window 0, PHL Queue 20
047.476 Recv DATA 0 2, ID 10160
047.540 Send DATA 4 0, ID 20164, Window 1, PHL Queue 0
047.756 Recv DATA 1 2, ID 10161
047.787 Send DATA 5 1, ID 20165, Window 2, PHL Queue 26
048.019 Recv DATA 2 2, ID 10162
048.050 Send DATA 6 2, ID 20166, Window 3, PHL Queue 28
048.301 Recv DATA 3 2, ID 10163
048.305 Send DATA 7 3, ID 20167, Window 4, PHL Queue 46
048.567 Recv DATA 4 3, ID 10164
048.572 Send DATA 0 4, ID 20168, Window 4, PHL Queue 40
048.830 Recv DATA 5 4, ID 10165
048.832 Send DATA 1 5, ID 20169, Window 4, PHL Queue 48
049.093 Recv DATA 6 5, ID 10166
049.096 .... 167 packets received, 7032 bps, 87.89%, Err 5 (1.3e-005)
049.099 Send DATA 2 6, ID 20170, Window 4, PHL Queue 42
049.358 Recv DATA 7 6, ID 10167
049.363 Recv NAK  6
049.364 Send DATA 7 7, ID 20167, Window 0, PHL Queue 40
049.607 Recv DATA 0 6, ID 10168
049.637 Send DATA 0 0, ID 20168, Window 1, PHL Queue 22
049.898 Recv DATA 1 6, ID 10169
049.901 Send DATA 1 1, ID 20169, Window 2, PHL Queue 22
050.144 Recv DATA 2 6, ID 10170
050.175 Send DATA 2 2, ID 20170, Window 3, PHL Queue 2
050.378 Recv DATA 3 6, ID 10171
050.424 Send DATA 3 3, ID 20171, Window 4, PHL Queue 32
050.688 Recv DATA 4 7, ID 10172
050.691 Send DATA 4 4, ID 20172, Window 4, PHL Queue 26
050.952 Recv DATA 5 0, ID 10173
050.955 Send DATA 5 5, ID 20173, Window 4, PHL Queue 26
051.185 Recv DATA 6 1, ID 10174
051.185 .... 175 packets received, 7065 bps, 88.31%, Err 5 (1.2e-005)
051.216 Send DATA 6 6, ID 20174, Window 4, PHL Queue 32
051.434 Recv DATA 7 2, ID 10175
051.495 Send DATA 7 7, ID 20175, Window 4, PHL Queue 2
051.712 Recv DATA 0 3, ID 10176
051.743 Send DATA 0 0, ID 20176, Window 4, PHL Queue 34
052.006 Recv DATA 1 4, ID 10177
052.011 Send DATA 1 1, ID 20177, Window 4, PHL Queue 26
052.239 Recv DATA 2 5, ID 10178
052.270 Send DATA 2 2, ID 20178, Window 4, PHL Queue 36
052.518 Recv DATA 3 6, ID 10179
052.549 Send DATA 3 3, ID 20179, Window 4, PHL Queue 6
052.750 Recv DATA 4 7, ID 10180
052.796 Send DATA 4 4, ID 20180, Window 4, PHL Queue 40
053.043 Recv DATA 5 0, ID 10181
053.074 Send DATA 5 5, ID 20181, Window 4, PHL Queue 12
053.305 Recv DATA 6 1, ID 10182
053.308 .... 183 packets received, 7091 bps, 88.64%, Err 5 (1.2e-005)
053.336 Send DATA 6 6, ID 20182, Window 4, PHL Queue 16
053.541 Recv DATA 7 2, ID 10183
053.588 Send DATA 7 7, ID 20183, Window 4, PHL Queue 40
053.835 Recv DATA 0 3, ID 10184
053.865 Send DATA 0 0, ID 20184, Window 4, PHL Queue 14
054.083 Recv DATA 1 4, ID 10185
054.115 Send DATA 1 1, ID 20185, Window 4, PHL Queue 42
054.346 Recv DATA 2 5, ID 10186
054.377 Send DATA 2 2, ID 20186, Window 4, PHL Queue 46
054.640 Recv DATA 3 6, ID 10187
054.643 Send DATA 3 3, ID 20187, Window 4, PHL Queue 42
054.917 Recv DATA 4 7, ID 10188
054.919 Send DATA 4 4, ID 20188, Window 4, PHL Queue 18
055.150 Recv DATA 5 0, ID 10189
055.182 Send DATA 5 5, ID 20189, Window 4, PHL Queue 20
055.416 Receiver Error 5: Bad CRC Checksum
055.416 Send NAK  5
055.447 Send DATA 6 5, ID 20190, Window 5, PHL Queue 32
055.668 Recv DATA 7 2, ID 10191
055.731 Send DATA 7 5, ID 20191, Window 4, PHL Queue 0
055.946 Recv DATA 0 3, ID 10192
055.976 Send DATA 0 5, ID 20192, Window 4, PHL Queue 30
056.222 Recv DATA 1 4, ID 10193
056.252 Send DATA 1 5, ID 20193, Window 4, PHL Queue 6
056.454 Recv DATA 6 5, ID 10190
056.458 .... 191 packets received, 6985 bps, 87.31%, Err 6 (1.3e-005)
056.487 Recv NAK  5
056.518 Send DATA 6 6, ID 20190, Window 0, PHL Queue 2
056.750 Recv DATA 7 5, ID 10191
056.781 Send DATA 7 7, ID 20191, Window 1, PHL Queue 4
057.016 Recv DATA 0 5, ID 10192
057.048 Send DATA 0 0, ID 20192, Window 2, PHL Queue 0
057.266 Recv DATA 1 5, ID 10193
057.298 Send DATA 1 1, ID 20193, Window 3, PHL Queue 26
057.516 Recv DATA 2 5, ID 10194
057.578 Send DATA 2 2, ID 20194, Window 4, PHL Queue 0
057.795 Recv DATA 3 6, ID 10195
057.826 Send DATA 3 3, ID 20195, Window 4, PHL Queue 26
058.059 Recv DATA 4 7, ID 10196
058.090 Send DATA 4 4, ID 20196, Window 4, PHL Queue 26
058.323 Recv DATA 5 0, ID 10197
058.355 Send DATA 5 5, ID 20197, Window 4, PHL Queue 24
058.588 Recv DATA 6 1, ID 10198
058.590 .... 199 packets received, 7010 bps, 87.63%, Err 7 (1.5e-005)
058.619 Send DATA 6 6, ID 20198, Window 4, PHL Queue 24
058.853 Recv DATA 7 2, ID 10199
058.884 Send DATA 7 7, ID 20199, Window 4, PHL Queue 22
059.119 Recv DATA 0 3, ID 10200
059.150 Send DATA 0 0, ID 20200, Window 4, PHL Queue 18
059.414 Recv DATA 1 4, ID 10201
059.418 Send DATA 1 1, ID 20201, Window 4, PHL Queue 10
059.650 Recv DATA 2 5, ID 10202
059.681 Send DATA 2 2, ID 20202, Window 4, PHL Queue 12
059.927 Recv DATA 3 6, ID 10203
059.930 Send DATA 3 3, ID 20203, Window 4, PHL Queue 42
060.176 Recv DATA 4 7, ID 10204
060.207 Send DATA 4 4, ID 20204, Window 4, PHL Queue 16
060.443 Recv DATA 5 0, ID 10205
060.474 Send DATA 5 5, ID 20205, Window 4, PHL Queue 10
060.709 Recv DATA 6 1, ID 10206
060.712 .... 207 packets received, 7036 bps, 87.94%, Err 7 (1.4e-005)
060.740 Send DATA 6 6, ID 20206, Window 4, PHL Queue 6
060.988 Recv DATA 7 2, ID 10207
060.991 Send DATA 7 7, ID 20207, Window 4, PHL Queue 32
061.208 Recv DATA 0 3, ID 10208
061.255 Send DATA 0 0, ID 20208, Window 4, PHL Queue 32
061.490 Recv DATA 1 4, ID 10209
061.522 Send DATA 1 1, ID 20209, Window 4, PHL Queue 26
061.743 Recv DATA 2 5, ID 10210
061.789 Send DATA 2 2, ID 20210, Window 4, PHL Queue 20
062.009 Recv DATA 3 6, ID 10211
062.041 Send DATA 3 3, ID 20211, Window 4, PHL Queue 44
062.274 Recv DATA 4 7, ID 10212
062.306 Send DATA 4 4, ID 20212, Window 4, PHL Queue 42
062.554 Recv DATA 5 0, ID 10213
062.585 Send DATA 5 5, ID 20213, Window 4, PHL Queue 12
062.832 Recv DATA 6 1, ID 10214
062.836 .... 215 packets received, 7059 bps, 88.23%, Err 7 (1.4e-005)
062.843 Send DATA 6 6, ID 20214, Window 4, PHL Queue 24
063.065 Recv DATA 7 2, ID 10215
063.096 Send DATA 7 7, ID 20215, Window 4, PHL Queue 46
063.340 Recv DATA 0 3, ID 10216
063.371 Send DATA 0 0, ID 20216, Window 4, PHL Queue 24
063.605 Recv DATA 1 4, ID 10217
063.635 Send DATA 1 1, ID 20217, Window 4, PHL Queue 24
063.896 Recv DATA 2 5, ID 10218
063.901 Send DATA 2 2, ID 20218, Window 4, PHL Queue 20
064.146 Recv DATA 3 6, ID 10219
064.176 Send DATA 3 3, ID 20219, Window 4, PHL Queue 0
064.425 Recv DATA 4 7, ID 10220
064.427 Send DATA 4 4, ID 20220, Window 4, PHL Queue 24
064.659 Recv DATA 5 0, ID 10221
064.689 Send DATA 5 5, ID 20221, Window 4, PHL Queue 28
064.941 Recv DATA 6 1, ID 10222
064.944 .... 223 packets received, 7082 bps, 88.52%, Err 7 (1.4e-005)
064.950 Send DATA 6 6, ID 20222, Window 4, PHL Queue 34
065.233 Recv DATA 7 2, ID 10223
065.237 Send DATA 7 7, ID 20223, Window 4, PHL Queue 0
065.449 Recv DATA 0 3, ID 10224
065.481 Send DATA 0 0, ID 20224, Window 4, PHL Queue 28
065.714 Recv DATA 1 4, ID 10225
065.746 Send DATA 1 1, ID 20225, Window 4, PHL Queue 26
065.978 Recv DATA 2 5, ID 10226
066.009 Send DATA 2 2, ID 20226, Window 4, PHL Queue 28
066.258 Recv DATA 3 6, ID 10227
066.263 Send DATA 3 3, ID 20227, Window 4, PHL Queue 48
066.506 Recv DATA 4 7, ID 10228
066.536 Send DATA 4 4, ID 20228, Window 4, PHL Queue 30
066.769 Recv DATA 5 0, ID 10229
066.801 Send DATA 5 5, ID 20229, Window 4, PHL Queue 28
067.034 Recv DATA 6 1, ID 10230
067.039 .... 231 packets received, 7105 bps, 88.82%, Err 7 (1.3e-005)
067.066 Send DATA 6 6, ID 20230, Window 4, PHL Queue 26
067.297 Recv DATA 7 2, ID 10231
067.329 Send DATA 7 7, ID 20231, Window 4, PHL Queue 28
067.578 Recv DATA 0 3, ID 10232
067.608 Send DATA 0 0, ID 20232, Window 4, PHL Queue 0
067.809 Recv DATA 1 4, ID 10233
067.870 Send DATA 1 1, ID 20233, Window 4, PHL Queue 2
068.088 Recv DATA 2 5, ID 10234
068.118 Recv NAK  5
068.119 Send DATA 6 2, ID 20230, Window 0, PHL Queue 32
068.353 Recv DATA 3 5, ID 10235
068.385 Send DATA 7 3, ID 20231, Window 1, PHL Queue 28
068.648 Recv DATA 4 5, ID 10236
068.649 Send DATA 0 4, ID 20232, Window 2, PHL Queue 28
068.894 Recv DATA 5 5, ID 10237
068.926 Send DATA 1 5, ID 20233, Window 3, PHL Queue 2
069.159 Recv DATA 6 5, ID 10238
069.163 .... 239 packets received, 7124 bps, 89.05%, Err 7 (1.3e-005)
069.189 Send DATA 2 6, ID 20234, Window 4, PHL Queue 4
069.450 Recv DATA 7 6, ID 10239
069.453 Send DATA 3 7, ID 20235, Window 4, PHL Queue 4
069.697 Recv DATA 0 7, ID 10240
069.699 Send DATA 4 0, ID 20236, Window 4, PHL Queue 40
069.961 Recv DATA 1 0, ID 10241
069.965 Send DATA 5 1, ID 20237, Window 4, PHL Queue 36
070.194 Recv DATA 2 1, ID 10242
070.226 Send DATA 6 2, ID 20238, Window 4, PHL Queue 42
070.473 Recv DATA 3 2, ID 10243
070.504 Send DATA 7 3, ID 20239, Window 4, PHL Queue 14
070.750 Recv DATA 4 3, ID 10244
070.753 Send DATA 0 4, ID 20240, Window 4, PHL Queue 44
071.027 Recv DATA 5 4, ID 10245
071.031 Send DATA 1 5, ID 20241, Window 4, PHL Queue 16
071.059 Recv NAK  4
071.260 Recv DATA 6 4, ID 10246
071.262 .... 247 packets received, 7144 bps, 89.30%, Err 7 (1.2e-005)
071.291 Send DATA 5 6, ID 20237, Window 0, PHL Queue 24
071.507 Recv DATA 7 4, ID 10247
071.568 Send DATA 6 7, ID 20238, Window 1, PHL Queue 0
071.799 Recv DATA 0 4, ID 10248
071.831 Send DATA 7 0, ID 20239, Window 2, PHL Queue 0
072.080 Recv DATA 1 4, ID 10249
072.084 Send DATA 0 1, ID 20240, Window 3, PHL Queue 24
072.314 Recv DATA 2 4, ID 10250
072.345 Send DATA 1 2, ID 20241, Window 4, PHL Queue 28
072.612 Recv DATA 3 5, ID 10251
072.615 Send DATA 2 3, ID 20242, Window 4, PHL Queue 16
072.875 Recv DATA 4 6, ID 10252
072.879 Send DATA 3 4, ID 20243, Window 4, PHL Queue 16
073.109 Recv DATA 5 7, ID 10253
073.140 Send DATA 4 5, ID 20244, Window 4, PHL Queue 22
073.389 Recv DATA 6 0, ID 10254
073.393 .... 255 packets received, 7160 bps, 89.50%, Err 7 (1.2e-005)
073.396 Send DATA 5 6, ID 20245, Window 4, PHL Queue 38
073.622 Recv DATA 7 1, ID 10255
073.684 Send DATA 6 7, ID 20246, Window 4, PHL Queue 0
073.934 Recv DATA 0 2, ID 10256
073.940 Send DATA 7 0, ID 20247, Window 4, PHL Queue 6
074.168 Recv DATA 1 3, ID 10257
074.199 Send DATA 0 1, ID 20248, Window 4, PHL Queue 16
074.448 Recv DATA 2 4, ID 10258
074.449 Send DATA 1 2, ID 20249, Window 4, PHL Queue 44
074.724 Recv DATA 3 5, ID 10259
074.727 Send DATA 2 3, ID 20250, Window 4, PHL Queue 16
074.957 Recv DATA 4 6, ID 10260
074.990 Send DATA 3 4, ID 20251, Window 4, PHL Queue 18
075.238 Recv DATA 5 7, ID 10261
075.241 Send DATA 4 5, ID 20252, Window 4, PHL Queue 44
075.516 Recv DATA 6 0, ID 10262
075.521 .... 263 packets received, 7176 bps, 89.70%, Err 7 (1.2e-005)
075.525 Send DATA 5 6, ID 20253, Window 4, PHL Queue 4
075.798 Recv DATA 7 1, ID 10263
075.803 Send DATA 6 7, ID 20254, Window 4, PHL Queue 0
076.031 Recv DATA 0 2, ID 10264
076.034 Send DATA 7 0, ID 20255, Window 4, PHL Queue 42
076.324 Recv DATA 1 3, ID 10265
076.327 Send DATA 0 1, ID 20256, Window 4, PHL Queue 0
076.556 Recv DATA 2 4, ID 10266
076.561 Send DATA 1 2, ID 20257, Window 4, PHL Queue 44
076.834 Recv DATA 3 5, ID 10267
076.836 Send DATA 2 3, ID 20258, Window 4, PHL Queue 22
077.081 Recv DATA 4 6, ID 10268
077.112 Send DATA 3 4, ID 20259, Window 4, PHL Queue 0
077.346 Receiver Error 6: Bad CRC Checksum
077.347 Send NAK  4
077.378 Send DATA 4 4, ID 20260, Window 5, PHL Queue 8
077.597 Recv DATA 6 0, ID 10270
077.628 Send DATA 5 4, ID 20261, Window 4, PHL Queue 36
077.861 Recv DATA 7 1, ID 10271
077.892 Send DATA 6 4, ID 20262, Window 4, PHL Queue 36
078.125 Recv DATA 0 2, ID 10272
078.156 Send DATA 7 4, ID 20263, Window 4, PHL Queue 36
078.391 Recv DATA 5 3, ID 10269
078.393 .... 270 packets received, 7095 bps, 88.69%, Err 8 (1.3e-005)
078.422 Send DATA 0 5, ID 20264, Window 4, PHL Queue 32
078.684 Recv DATA 6 4, ID 10270
078.688 Send DATA 1 6, ID 20265, Window 4, PHL Queue 28
078.948 Recv DATA 7 5, ID 10271
078.952 Send DATA 2 7, ID 20266, Window 4, PHL Queue 28
079.182 Recv DATA 0 6, ID 10272
079.213 Send DATA 3 0, ID 20267, Window 4, PHL Queue 34
079.462 Recv DATA 1 7, ID 10273
079.493 Send DATA 4 1, ID 20268, Window 4, PHL Queue 2
079.696 Recv DATA 2 0, ID 10274
079.756 Send DATA 5 2, ID 20269, Window 4, PHL Queue 4
080.003 Recv DATA 3 1, ID 10275
080.008 Send DATA 6 3, ID 20270, Window 4, PHL Queue 28
080.283 Recv DATA 4 2, ID 10276
080.286 Send DATA 7 4, ID 20271, Window 4, PHL Queue 2
080.516 Recv DATA 5 3, ID 10277
080.519 .... 278 packets received, 7111 bps, 88.89%, Err 8 (1.2e-005)
080.547 Send DATA 0 5, ID 20272, Window 4, PHL Queue 6
080.762 Recv DATA 6 4, ID 10278
080.794 Send DATA 1 6, ID 20273, Window 4, PHL Queue 40
081.060 Recv DATA 7 5, ID 10279
081.064 Send DATA 2 7, ID 20274, Window 4, PHL Queue 28
081.309 Recv DATA 0 6, ID 10280
081.340 Send DATA 3 0, ID 20275, Window 4, PHL Queue 4
081.559 Recv DATA 1 7, ID 10281
081.589 Send DATA 4 1, ID 20276, Window 4, PHL Queue 34
081.806 Recv DATA 2 0, ID 10282
081.853 Send DATA 5 2, ID 20277, Window 4, PHL Queue 34
082.100 Recv DATA 3 1, ID 10283
082.131 Send DATA 6 3, ID 20278, Window 4, PHL Queue 6
082.379 Recv DATA 4 2, ID 10284
082.382 Send DATA 7 4, ID 20279, Window 4, PHL Queue 32
082.614 Recv DATA 5 3, ID 10285
082.616 .... 286 packets received, 7129 bps, 89.11%, Err 8 (1.2e-005)
082.645 Send DATA 0 5, ID 20280, Window 4, PHL Queue 34
082.894 Recv DATA 6 4, ID 10286
082.926 Send DATA 1 6, ID 20281, Window 4, PHL Queue 0
083.157 Recv DATA 7 5, ID 10287
083.189 Send DATA 2 7, ID 20282, Window 4, PHL Queue 2
083.423 Recv DATA 0 6, ID 10288
083.454 Send DATA 3 0, ID 20283, Window 4, PHL Queue 0
083.655 Recv DATA 1 7, ID 10289
083.702 Send DATA 4 1, ID 20284, Window 4, PHL Queue 32
083.965 Recv DATA 2 0, ID 10290
083.967 Send DATA 5 2, ID 20285, Window 4, PHL Queue 30
084.243 Recv DATA 3 1, ID 10291
084.246 Send DATA 6 3, ID 20286, Window 4, PHL Queue 0
084.444 TCP Disconnected.
