000.000 =============================================================
000.000                     Station B                               
000.000 -------------------------------------------------------------
000.000 Protocol.lib, version 4.0, jiangyanjun0718@bupt.edu.cn
000.000 Channel: 8000 bps, 270 ms propagation delay, bit error rate 1.0E-005
000.000 Log file "E:\BUPT\doc\计算机网络实验\Lab1(Win+Linux)(2)\Lab1(Win+Linux)\Lab1-Windows-VS2017\Example\selective-B.log", TCP port 59144, debug mask 0x03
000.000 Station B is connecting station A (TCP port 59144) ... Done.
000.842 New epoch: Wed May 07 11:36:44 2025
000.842 =================================================================
000.842 
000.842 Designed by Jiang Yanjun, build: Oct 28 2018  16:37:15
001.044 Send DATA  0 43, ID 20000, Window  1, PHL Queue 0
001.288 Send DATA  1 43, ID 20001, Window  2, PHL Queue 8
001.400 Recv DATA  0 43, ID 10000, Window  0  22
001.537 Send DATA  2  0, ID 20002, Window  3, PHL Queue 38
001.679 Recv DATA  1 43, ID 10001, Window  1  23
001.802 Send DATA  3  1, ID 20003, Window  4, PHL Queue 36
001.926 Recv DATA  2 43, ID 10002, Window  2  24
002.064 Send DATA  4  2, ID 20004, Window  5, PHL Queue 40
002.219 Recv DATA  3  0, ID 10003, Window  3  25
002.331 Send DATA  5  3, ID 20005, Window  5, PHL Queue 34
002.453 Recv DATA  4  1, ID 10004, Window  4  26
002.597 Send DATA  6  4, ID 20006, Window  5, PHL Queue 30
002.739 Recv DATA  5  2, ID 10005, Window  5  27
002.769 Recv NAK   2
002.770 Send DATA  3  5, ID 20003, Window  4, PHL Queue 264
003.005 Recv DATA  6  2, ID 10006, Window  6  28
003.130 Send DATA  7  6, ID 20007, Window  5, PHL Queue 20
003.254 Recv DATA  7  2, ID 10007, Window  7  29
003.261 .... 8 packets received, 7732 bps, 96.65%, Err 0 (0.0e+000)
003.394 Send DATA  8  7, ID 20008, Window  6, PHL Queue 20
003.535 Recv DATA  8  2, ID 10008, Window  8  30
003.659 Send DATA  9  8, ID 20009, Window  7, PHL Queue 18
003.767 Recv DATA  9  2, ID 10009, Window  9  31
003.815 Recv ACK   6
003.910 Send DATA 10  9, ID 20010, Window  4, PHL Queue 44
004.035 Recv DATA 10  6, ID 10010, Window 10  32
004.191 Send DATA 11 10, ID 20011, Window  5, PHL Queue 10
004.330 Recv DATA 11  7, ID 10011, Window 11  33
004.438 Send DATA 12 11, ID 20012, Window  5, PHL Queue 44
004.592 Recv DATA 12  8, ID 10012, Window 12  34
004.718 Send DATA 13 12, ID 20013, Window  5, PHL Queue 14
004.826 Recv DATA 13  9, ID 10013, Window 13  35
004.979 Send DATA 14 13, ID 20014, Window  5, PHL Queue 18
005.120 Recv DATA 14 10, ID 10014, Window 14  36
005.230 Send DATA 15 14, ID 20015, Window  5, PHL Queue 44
005.387 Receiver Error 1: Bad CRC checksum
005.390 Send NAK  14
005.526 Send DATA 16 14, ID 20016, Window  6, PHL Queue 0
005.682 Recv DATA 16 12, ID 10016, Window 15  37
005.775 Send DATA 17 14, ID 20017, Window  5, PHL Queue 24
005.885 Recv DATA 17 13, ID 10017, Window 15  37
006.041 Send DATA 18 14, ID 20018, Window  5, PHL Queue 20
006.164 Recv DATA 18 14, ID 10018, Window 15  37
006.318 Send DATA 19 14, ID 20019, Window  5, PHL Queue 0
006.442 Recv DATA 15 15, ID 10015, Window 15  37
006.448 .... 16 packets received, 6174 bps, 77.18%, Err 1 (2.3e-005)
006.450 Send ACK  18
006.570 Send DATA 20 18, ID 20020, Window  5, PHL Queue 32
006.726 Recv DATA 19 16, ID 10019, Window 19  41
006.835 Send DATA 21 19, ID 20021, Window  5, PHL Queue 30
006.961 Recv DATA 20 17, ID 10020, Window 20  42
007.101 Send DATA 22 20, ID 20022, Window  5, PHL Queue 26
007.225 Recv DATA 21 18, ID 10021, Window 21  43
007.380 Send DATA 23 21, ID 20023, Window  5, PHL Queue 0
007.474 Recv DATA 22 19, ID 10022, Window 22   0
007.646 Send DATA 24 22, ID 20024, Window  5, PHL Queue 0
007.784 Recv DATA 23 20, ID 10023, Window 23   1
007.906 Send DATA 25 23, ID 20025, Window  5, PHL Queue 0
008.002 Recv DATA 24 21, ID 10024, Window 24   2
008.173 Send DATA 26 24, ID 20026, Window  5, PHL Queue 0
008.281 Recv DATA 25 22, ID 10025, Window 25   3
008.421 Send DATA 27 25, ID 20027, Window  5, PHL Queue 26
008.528 Recv DATA 26 23, ID 10026, Window 26   4
008.532 .... 27 packets received, 7480 bps, 93.49%, Err 1 (1.6e-005)
008.699 Send DATA 28 26, ID 20028, Window  5, PHL Queue 0
008.807 Recv DATA 27 24, ID 10027, Window 27   5
008.946 Send DATA 29 27, ID 20029, Window  5, PHL Queue 32
009.100 Recv DATA 28 25, ID 10028, Window 28   6
009.208 Send DATA 30 28, ID 20030, Window  5, PHL Queue 36
009.336 Recv DATA 29 26, ID 10029, Window 29   7
009.474 Send DATA 31 29, ID 20031, Window  5, PHL Queue 32
009.614 Recv DATA 30 27, ID 10030, Window 30   8
009.737 Send DATA 32 30, ID 20032, Window  5, PHL Queue 34
009.859 Recv DATA 31 28, ID 10031, Window 31   9
010.002 Send DATA 33 31, ID 20033, Window  5, PHL Queue 32
010.142 Recv DATA 32 29, ID 10032, Window 32  10
010.265 Send DATA 34 32, ID 20034, Window  5, PHL Queue 34
010.392 Recv DATA 33 30, ID 10033, Window 33  11
010.531 Send DATA 35 33, ID 20035, Window  5, PHL Queue 30
010.656 Recv DATA 34 31, ID 10034, Window 34  12
010.664 .... 35 packets received, 7529 bps, 94.11%, Err 1 (1.3e-005)
010.795 Send DATA 36 34, ID 20036, Window  5, PHL Queue 30
010.933 Recv DATA 35 32, ID 10035, Window 35  13
011.057 Send DATA 37 35, ID 20037, Window  5, PHL Queue 36
011.211 Recv DATA 36 33, ID 10036, Window 36  14
011.321 Send DATA 38 36, ID 20038, Window  5, PHL Queue 34
011.447 Recv DATA 37 34, ID 10037, Window 37  15
011.603 Send DATA 39 37, ID 20039, Window  5, PHL Queue 0
011.713 Recv DATA 38 35, ID 10038, Window 38  16
011.863 Send DATA 40 38, ID 20040, Window  5, PHL Queue 6
011.985 Recv DATA 39 36, ID 10039, Window 39  17
012.123 Send DATA 41 39, ID 20041, Window  5, PHL Queue 14
012.280 Recv DATA 40 37, ID 10040, Window 40  18
012.388 Send DATA 42 40, ID 20042, Window  5, PHL Queue 12
012.512 Recv DATA 41 38, ID 10041, Window 41  19
012.637 Send DATA 43 41, ID 20043, Window  5, PHL Queue 42
012.790 Recv DATA 42 39, ID 10042, Window 42  20
012.797 .... 43 packets received, 7556 bps, 94.45%, Err 1 (1.0e-005)
012.898 Send DATA  0 42, ID 20044, Window  5, PHL Queue 48
013.024 Recv DATA 43 40, ID 10043, Window 43  21
013.168 Send DATA  1 43, ID 20045, Window  5, PHL Queue 36
013.309 Recv DATA  0 41, ID 10044, Window  0  22
013.434 Send DATA  2  0, ID 20046, Window  5, PHL Queue 34
013.542 Recv DATA  1 42, ID 10045, Window  1  23
013.712 Send DATA  3  1, ID 20047, Window  5, PHL Queue 4
013.804 Recv DATA  2 43, ID 10046, Window  2  24
013.958 Send DATA  4  2, ID 20048, Window  5, PHL Queue 40
014.096 Recv DATA  3  0, ID 10047, Window  3  25
014.222 Send DATA  5  3, ID 20049, Window  5, PHL Queue 40
014.376 Recv DATA  4  1, ID 10048, Window  4  26
014.486 Send DATA  6  4, ID 20050, Window  5, PHL Queue 40
014.612 Recv DATA  5  2, ID 10049, Window  5  27
014.770 Send DATA  7  5, ID 20051, Window  5, PHL Queue 0
014.894 Recv DATA  6  3, ID 10050, Window  6  28
014.898 .... 51 packets received, 7591 bps, 94.89%, Err 1 (8.9e-006)
015.018 Send DATA  8  6, ID 20052, Window  5, PHL Queue 32
015.143 Recv DATA  7  4, ID 10051, Window  7  29
015.298 Send DATA  9  7, ID 20053, Window  5, PHL Queue 0
015.422 Recv DATA  8  5, ID 10052, Window  8  30
015.546 Send DATA 10  8, ID 20054, Window  5, PHL Queue 32
015.671 Recv DATA  9  6, ID 10053, Window  9  31
015.814 Send DATA 11  9, ID 20055, Window  5, PHL Queue 24
015.936 Recv DATA 10  7, ID 10054, Window 10  32
016.088 Send DATA 12 10, ID 20056, Window  5, PHL Queue 4
016.213 Receiver Error 2: Bad CRC checksum
016.216 Send NAK  10
016.351 Send DATA 13 10, ID 20057, Window  6, PHL Queue 20
016.475 Recv DATA 12  9, ID 10056, Window 11  33
016.628 Send DATA 14 10, ID 20058, Window  5, PHL Queue 0
016.738 Recv DATA 13 10, ID 10057, Window 11  33
016.865 Send DATA 15 10, ID 20059, Window  5, PHL Queue 48
017.003 Recv DATA 14 11, ID 10058, Window 11  33
017.130 Send DATA 16 10, ID 20060, Window  5, PHL Queue 46
017.285 Recv DATA 11 12, ID 10055, Window 11  33
017.291 .... 56 packets received, 7101 bps, 88.77%, Err 2 (1.5e-005)
017.293 Send ACK  14
017.425 Send DATA 17 14, ID 20061, Window  5, PHL Queue 0
017.533 Recv DATA 15 13, ID 10059, Window 15  37
017.673 Send DATA 18 15, ID 20062, Window  5, PHL Queue 30
017.812 Recv DATA 16 14, ID 10060, Window 16  38
017.935 Send DATA 19 16, ID 20063, Window  5, PHL Queue 34
018.026 Recv DATA 17 15, ID 10061, Window 17  39
018.211 Send DATA 20 17, ID 20064, Window  5, PHL Queue 10
018.337 Recv DATA 18 16, ID 10062, Window 18  40
018.464 Send DATA 21 18, ID 20065, Window  5, PHL Queue 32
018.574 Recv DATA 19 17, ID 10063, Window 19  41
018.727 Send DATA 22 19, ID 20066, Window  5, PHL Queue 34
018.851 Recv DATA 20 18, ID 10064, Window 20  42
019.005 Send DATA 23 20, ID 20067, Window  5, PHL Queue 6
019.127 Recv DATA 21 19, ID 10065, Window 21  43
019.250 Send DATA 24 21, ID 20068, Window  5, PHL Queue 44
019.374 Recv DATA 22 20, ID 10066, Window 22   0
019.378 .... 67 packets received, 7523 bps, 94.04%, Err 2 (1.4e-005)
019.515 Send DATA 25 22, ID 20069, Window  5, PHL Queue 42
019.669 Recv DATA 23 21, ID 10067, Window 23   1
019.778 Send DATA 26 23, ID 20070, Window  5, PHL Queue 44
019.906 Recv DATA 24 22, ID 10068, Window 24   2
020.046 Send DATA 27 24, ID 20071, Window  5, PHL Queue 36
020.171 Recv DATA 25 23, ID 10069, Window 25   3
020.311 Send DATA 28 25, ID 20072, Window  5, PHL Queue 34
020.450 Recv DATA 26 24, ID 10070, Window 26   4
020.573 Send DATA 29 26, ID 20073, Window  5, PHL Queue 38
020.727 Recv DATA 27 25, ID 10071, Window 27   5
020.852 Send DATA 30 27, ID 20074, Window  5, PHL Queue 8
020.929 Recv DATA 28 26, ID 10072, Window 28   6
021.098 Send DATA 31 28, ID 20075, Window  5, PHL Queue 44
021.191 Recv DATA 29 27, ID 10073, Window 29   7
021.363 Send DATA 32 29, ID 20076, Window  5, PHL Queue 42
021.502 Recv DATA 30 28, ID 10074, Window 30   8
021.506 .... 75 packets received, 7542 bps, 94.27%, Err 2 (1.2e-005)
021.627 Send DATA 33 30, ID 20077, Window  5, PHL Queue 42
021.737 Recv DATA 31 29, ID 10075, Window 31   9
021.891 Send DATA 34 31, ID 20078, Window  5, PHL Queue 42
022.016 Receiver Error 3: Bad CRC checksum
022.018 Send NAK  31
022.171 Send DATA 35 31, ID 20079, Window  6, PHL Queue 24
022.250 Recv DATA 33 31, ID 10077, Window 32  10
022.440 Send DATA 36 31, ID 20080, Window  5, PHL Queue 14
022.551 Recv DATA 34 32, ID 10078, Window 32  10
022.581 Recv NAK  32
022.584 Send DATA 33 31, ID 20077, Window  4, PHL Queue 310
022.845 Recv DATA 35 32, ID 10079, Window 32  10
022.955 Send DATA 37 31, ID 20081, Window  5, PHL Queue 42
023.079 Recv DATA 32 32, ID 10076, Window 32  10
023.084 Send ACK  35
023.235 Send DATA 38 35, ID 20082, Window  6, PHL Queue 22
023.373 Receiver Error 4: Bad CRC checksum
023.375 Send NAK  35
023.510 Send DATA 39 35, ID 20083, Window  7, PHL Queue 14
023.606 Recv DATA 37 32, ID 10081, Window 36  14
023.638 Recv ACK  36
023.763 Send DATA 40 35, ID 20084, Window  4, PHL Queue 36
023.873 Recv DATA 38 36, ID 10082, Window 36  14
024.030 Send DATA 41 35, ID 20085, Window  5, PHL Queue 30
024.123 Recv DATA 39 37, ID 10083, Window 36  14
024.293 Send DATA 42 35, ID 20086, Window  5, PHL Queue 32
024.416 Recv DATA 36 38, ID 10080, Window 36  14
024.422 .... 81 packets received, 7125 bps, 89.07%, Err 4 (2.1e-005)
024.424 Send ACK  39
024.572 Send DATA 43 39, ID 20087, Window  5, PHL Queue 16
024.694 Recv DATA 40 39, ID 10084, Window 40  18
024.834 Send DATA  0 40, ID 20088, Window  5, PHL Queue 20
024.927 Recv DATA 41 40, ID 10085, Window 41  19
025.085 Send DATA  1 41, ID 20089, Window  5, PHL Queue 46
025.209 Recv DATA 42 41, ID 10086, Window 42  20
025.378 Send DATA  2 42, ID 20090, Window  5, PHL Queue 0
025.456 Recv DATA 43 42, ID 10087, Window 43  21
025.612 Send DATA  3 43, ID 20091, Window  5, PHL Queue 48
025.705 Recv DATA  0 43, ID 10088, Window  0  22
025.876 Send DATA  4  0, ID 20092, Window  5, PHL Queue 48
025.972 Recv DATA  1  0, ID 10089, Window  1  23
026.161 Send DATA  5  1, ID 20093, Window  5, PHL Queue 6
026.256 Recv DATA  2  1, ID 10090, Window  2  24
026.414 Send DATA  6  2, ID 20094, Window  5, PHL Queue 28
026.538 Recv DATA  3  2, ID 10091, Window  3  25
026.546 .... 92 packets received, 7417 bps, 92.71%, Err 4 (2.0e-005)
026.694 Send DATA  7  3, ID 20095, Window  5, PHL Queue 0
026.818 Recv DATA  4  3, ID 10092, Window  4  26
026.942 Send DATA  8  4, ID 20096, Window  5, PHL Queue 28
027.036 Recv DATA  5  4, ID 10093, Window  5  27
027.208 Send DATA  9  5, ID 20097, Window  5, PHL Queue 24
027.315 Recv DATA  6  4, ID 10094, Window  6  28
027.469 Send DATA 10  6, ID 20098, Window  6, PHL Queue 30
027.561 Recv DATA  7  6, ID 10095, Window  7  29
027.737 Send DATA 11  7, ID 20099, Window  5, PHL Queue 22
027.832 Recv DATA  8  7, ID 10096, Window  8  30
028.003 Send DATA 12  8, ID 20100, Window  5, PHL Queue 18
028.113 Recv DATA  9  8, ID 10097, Window  9  31
028.267 Send DATA 13  9, ID 20101, Window  5, PHL Queue 18
028.344 Recv DATA 10  9, ID 10098, Window 10  32
028.545 Send DATA 14 10, ID 20102, Window  5, PHL Queue 0
028.623 Recv DATA 11 10, ID 10099, Window 11  33
028.630 .... 100 packets received, 7451 bps, 93.13%, Err 4 (1.8e-005)
028.793 Send DATA 15 11, ID 20103, Window  5, PHL Queue 22
028.873 Recv DATA 12 10, ID 10100, Window 12  34
029.049 Send DATA 16 12, ID 20104, Window  6, PHL Queue 38
029.144 Recv DATA 13 12, ID 10101, Window 13  35
029.313 Send DATA 17 13, ID 20105, Window  5, PHL Queue 38
029.437 Recv DATA 14 13, ID 10102, Window 14  36
029.579 Send DATA 18 14, ID 20106, Window  5, PHL Queue 34
029.672 Recv DATA 15 14, ID 10103, Window 15  37
029.842 Send DATA 19 15, ID 20107, Window  5, PHL Queue 36
029.965 Recv DATA 16 14, ID 10104, Window 16  38
029.971 Recv NAK  14
029.972 Send DATA 15 16, ID 20103, Window  5, PHL Queue 378
030.200 Recv DATA 17 14, ID 10105, Window 17  39
030.375 Send DATA 20 17, ID 20108, Window  6, PHL Queue 26
030.469 Recv DATA 18 14, ID 10106, Window 18  40
030.640 Send DATA 21 18, ID 20109, Window  7, PHL Queue 24
030.734 Recv DATA 19 14, ID 10107, Window 19  41
030.736 .... 108 packets received, 7473 bps, 93.41%, Err 4 (1.7e-005)
030.920 Send DATA 22 19, ID 20110, Window  8, PHL Queue 0
031.028 Recv DATA 20 14, ID 10108, Window 20  42
031.166 Send DATA 23 20, ID 20111, Window  9, PHL Queue 28
031.291 Recv DATA 21 15, ID 10109, Window 21  43
031.296 Recv NAK  15
031.296 Send DATA 16 21, ID 20104, Window  8, PHL Queue 368
031.585 Recv DATA 22 15, ID 10110, Window 22   0
031.695 Send DATA 24 22, ID 20112, Window  9, PHL Queue 26
031.833 Recv DATA 23 15, ID 10111, Window 23   1
031.957 Send DATA 25 23, ID 20113, Window 10, PHL Queue 30
032.079 Recv DATA 24 15, ID 10112, Window 24   2
032.219 Send DATA 26 24, ID 20114, Window 11, PHL Queue 34
032.313 Recv DATA 25 15, ID 10113, Window 25   3
032.361 Recv ACK  23
032.502 Send DATA 27 25, ID 20115, Window  4, PHL Queue 0
032.611 Recv DATA 26 23, ID 10114, Window 26   4
032.751 Send DATA 28 26, ID 20116, Window  5, PHL Queue 26
032.887 Recv DATA 27 24, ID 10115, Window 27   5
032.894 .... 116 packets received, 7482 bps, 93.52%, Err 4 (1.6e-005)
033.015 Send DATA 29 27, ID 20117, Window  5, PHL Queue 26
033.123 Recv DATA 28 25, ID 10116, Window 28   6
033.297 Send DATA 30 28, ID 20118, Window  5, PHL Queue 0
033.404 Recv DATA 29 26, ID 10117, Window 29   7
033.544 Send DATA 31 29, ID 20119, Window  5, PHL Queue 24
033.683 Recv DATA 30 27, ID 10118, Window 30   8
033.805 Send DATA 32 30, ID 20120, Window  5, PHL Queue 30
033.959 Recv DATA 31 28, ID 10119, Window 31   9
034.066 Send DATA 33 31, ID 20121, Window  5, PHL Queue 36
034.194 Recv DATA 32 29, ID 10120, Window 32  10
034.338 Send DATA 34 32, ID 20122, Window  5, PHL Queue 20
034.464 Recv DATA 33 30, ID 10121, Window 33  11
034.602 Send DATA 35 33, ID 20123, Window  5, PHL Queue 20
034.757 Recv DATA 34 31, ID 10122, Window 34  12
034.881 Send DATA 36 34, ID 20124, Window  5, PHL Queue 0
034.989 Recv DATA 35 32, ID 10123, Window 35  13
034.996 .... 124 packets received, 7501 bps, 93.77%, Err 5 (1.8e-005)
035.145 Send DATA 37 35, ID 20125, Window  5, PHL Queue 0
035.283 Receiver Error 5: Bad CRC checksum
035.284 Send NAK  35
035.393 Send DATA 38 35, ID 20126, Window  6, PHL Queue 36
035.505 Recv DATA 37 34, ID 10125, Window 36  14
035.661 Send DATA 39 35, ID 20127, Window  5, PHL Queue 28
035.771 Receiver Error 6: Bad CRC checksum
035.928 Send DATA 40 35, ID 20128, Window  6, PHL Queue 22
036.037 Recv DATA 39 36, ID 10127, Window 36  14
036.192 Send DATA 41 35, ID 20129, Window  5, PHL Queue 22
036.332 Recv DATA 36 37, ID 10124, Window 36  14
036.339 Send ACK  37
036.455 Send DATA 42 37, ID 20130, Window  5, PHL Queue 38
036.563 Recv DATA 40 38, ID 10128, Window 38  16
036.569 Send NAK  37
036.733 Send DATA 43 37, ID 20131, Window  5, PHL Queue 28
036.824 Recv DATA 41 39, ID 10129, Window 38  16
036.996 Send DATA  0 37, ID 20132, Window  5, PHL Queue 30
037.120 Recv DATA 42 40, ID 10130, Window 38  16
037.258 Send DATA  1 37, ID 20133, Window  5, PHL Queue 34
037.366 Recv DATA 43 41, ID 10131, Window 38  16
037.521 Send DATA  2 37, ID 20134, Window  5, PHL Queue 36
037.660 Recv DATA 38 42, ID 10126, Window 38  16
037.661 .... 127 packets received, 7121 bps, 89.01%, Err 6 (2.0e-005)
037.663 Send ACK  43
037.797 Send DATA  3 43, ID 20135, Window  5, PHL Queue 26
037.877 Recv DATA  0 43, ID 10132, Window  0  22
038.079 Send DATA  4  0, ID 20136, Window  5, PHL Queue 0
038.157 Recv DATA  1  0, ID 10133, Window  1  23
038.328 Send DATA  5  1, ID 20137, Window  5, PHL Queue 20
038.438 Recv DATA  2  1, ID 10134, Window  2  24
038.591 Send DATA  6  2, ID 20138, Window  5, PHL Queue 22
038.700 Recv DATA  3  2, ID 10135, Window  3  25
038.871 Send DATA  7  3, ID 20139, Window  5, PHL Queue 0
038.979 Recv DATA  4  3, ID 10136, Window  4  26
039.133 Send DATA  8  4, ID 20140, Window  5, PHL Queue 0
039.211 Recv DATA  5  4, ID 10137, Window  5  27
039.381 Send DATA  9  5, ID 20141, Window  5, PHL Queue 26
039.477 Recv DATA  6  5, ID 10138, Window  6  28
039.636 Send DATA 10  6, ID 20142, Window  5, PHL Queue 44
039.745 Recv DATA  7  6, ID 10139, Window  7  29
039.749 .... 140 packets received, 7426 bps, 92.83%, Err 6 (1.9e-005)
039.914 Send DATA 11  7, ID 20143, Window  5, PHL Queue 16
039.992 Recv DATA  8  7, ID 10140, Window  8  30
040.180 Send DATA 12  8, ID 20144, Window  5, PHL Queue 12
040.273 Recv DATA  9  8, ID 10141, Window  9  31
040.429 Send DATA 13  9, ID 20145, Window  5, PHL Queue 42
040.553 Recv DATA 10  8, ID 10142, Window 10  32
040.705 Send DATA 14 10, ID 20146, Window  6, PHL Queue 18
040.833 Recv DATA 11 10, ID 10143, Window 11  33
040.961 Send DATA 15 11, ID 20147, Window  5, PHL Queue 34
041.068 Recv DATA 12 11, ID 10144, Window 12  34
041.222 Send DATA 16 12, ID 20148, Window  5, PHL Queue 40
041.316 Recv DATA 13 12, ID 10145, Window 13  35
041.501 Send DATA 17 13, ID 20149, Window  5, PHL Queue 10
041.579 Recv DATA 14 13, ID 10146, Window 14  36
041.764 Send DATA 18 14, ID 20150, Window  5, PHL Queue 12
041.840 Recv DATA 15 14, ID 10147, Window 15  37
041.846 .... 148 packets received, 7446 bps, 93.08%, Err 6 (1.8e-005)
042.011 Send DATA 19 15, ID 20151, Window  5, PHL Queue 46
042.122 Recv DATA 16 15, ID 10148, Window 16  38
042.282 Send DATA 20 16, ID 20152, Window  5, PHL Queue 32
042.376 Recv DATA 17 16, ID 10149, Window 17  39
042.548 Send DATA 21 17, ID 20153, Window  5, PHL Queue 28
042.656 Recv DATA 18 17, ID 10150, Window 18  40
042.811 Send DATA 22 18, ID 20154, Window  5, PHL Queue 30
042.902 Recv DATA 19 18, ID 10151, Window 19  41
043.072 Send DATA 23 19, ID 20155, Window  5, PHL Queue 36
043.194 Recv DATA 20 18, ID 10152, Window 20  42
043.337 Send DATA 24 20, ID 20156, Window  6, PHL Queue 34
043.429 Recv DATA 21 20, ID 10153, Window 21  43
043.603 Send DATA 25 21, ID 20157, Window  5, PHL Queue 30
043.711 Recv DATA 22 21, ID 10154, Window 22   0
043.867 Send DATA 26 22, ID 20158, Window  5, PHL Queue 30
043.991 Recv DATA 23 22, ID 10155, Window 23   1
044.000 .... 156 packets received, 7455 bps, 93.19%, Err 6 (1.7e-005)
044.146 Send DATA 27 23, ID 20159, Window  5, PHL Queue 0
044.223 Recv DATA 24 22, ID 10156, Window 24   2
044.393 Send DATA 28 24, ID 20160, Window  6, PHL Queue 34
044.501 Receiver Error 7: Bad CRC checksum
044.501 Send NAK  24
044.658 Send DATA 29 24, ID 20161, Window  7, PHL Queue 46
044.754 Recv DATA 26 25, ID 10158, Window 25   3
044.938 Send DATA 30 24, ID 20162, Window  5, PHL Queue 14
045.001 Recv DATA 27 26, ID 10159, Window 25   3
045.186 Send DATA 31 24, ID 20163, Window  5, PHL Queue 46
045.277 Recv DATA 28 27, ID 10160, Window 25   3
045.464 Send DATA 32 24, ID 20164, Window  5, PHL Queue 18
045.573 Recv DATA 25 28, ID 10157, Window 25   3
045.580 Send ACK  28
045.745 Send DATA 33 28, ID 20165, Window  5, PHL Queue 0
045.793 Recv DATA 29 28, ID 10161, Window 29   7
045.998 Send DATA 34 29, ID 20166, Window  6, PHL Queue 20
046.062 Recv DATA 30 30, ID 10162, Window 30   8
046.064 .... 163 packets received, 7430 bps, 92.88%, Err 7 (1.9e-005)
046.252 Send DATA 35 30, ID 20167, Window  5, PHL Queue 40
046.332 Recv DATA 31 30, ID 10163, Window 31   9
046.522 Send DATA 36 31, ID 20168, Window  6, PHL Queue 28
046.634 Recv DATA 32 32, ID 10164, Window 32  10
046.776 Send DATA 37 32, ID 20169, Window  5, PHL Queue 48
046.869 Recv DATA 33 32, ID 10165, Window 33  11
047.054 Send DATA 38 33, ID 20170, Window  6, PHL Queue 20
047.161 Recv DATA 34 33, ID 10166, Window 34  12
047.316 Send DATA 39 34, ID 20171, Window  6, PHL Queue 24
047.380 Recv DATA 35 34, ID 10167, Window 35  13
047.579 Send DATA 40 35, ID 20172, Window  6, PHL Queue 26
047.656 Recv DATA 36 36, ID 10168, Window 36  14
047.846 Send DATA 41 36, ID 20173, Window  5, PHL Queue 20
047.923 Recv DATA 37 36, ID 10169, Window 37  15
048.109 Send DATA 42 37, ID 20174, Window  6, PHL Queue 22
048.190 Recv DATA 38 38, ID 10170, Window 38  16
048.194 .... 171 packets received, 7443 bps, 93.03%, Err 7 (1.8e-005)
048.377 Send DATA 43 38, ID 20175, Window  5, PHL Queue 14
048.472 Recv DATA 39 38, ID 10171, Window 39  17
048.629 Send DATA  0 39, ID 20176, Window  6, PHL Queue 38
048.722 Recv DATA 40 40, ID 10172, Window 40  18
048.893 Send DATA  1 40, ID 20177, Window  5, PHL Queue 38
049.000 Recv DATA 41 41, ID 10173, Window 41  19
049.170 Send DATA  2 41, ID 20178, Window  5, PHL Queue 12
049.233 Recv DATA 42 41, ID 10174, Window 42  20
049.436 Send DATA  3 42, ID 20179, Window  6, PHL Queue 8
049.515 Recv DATA 43 43, ID 10175, Window 43  21
049.685 Send DATA  4 43, ID 20180, Window  5, PHL Queue 38
049.762 Recv DATA  0 43, ID 10176, Window  0  22
049.954 Send DATA  5  0, ID 20181, Window  6, PHL Queue 28
050.015 Recv DATA  1  1, ID 10177, Window  1  23
050.232 Send DATA  6  1, ID 20182, Window  5, PHL Queue 0
050.293 Recv DATA  2  1, ID 10178, Window  2  24
050.299 .... 179 packets received, 7457 bps, 93.22%, Err 7 (1.8e-005)
050.494 Send DATA  7  2, ID 20183, Window  6, PHL Queue 4
050.572 Recv DATA  3  3, ID 10179, Window  3  25
050.741 Send DATA  8  3, ID 20184, Window  5, PHL Queue 38
050.850 Recv DATA  4  3, ID 10180, Window  4  26
051.004 Send DATA  9  4, ID 20185, Window  6, PHL Queue 40
051.083 Recv DATA  5  4, ID 10181, Window  5  27
051.273 Send DATA 10  5, ID 20186, Window  6, PHL Queue 30
051.367 Recv DATA  6  6, ID 10182, Window  6  28
051.553 Send DATA 11  6, ID 20187, Window  5, PHL Queue 0
051.616 Recv DATA  7  7, ID 10183, Window  7  29
051.803 Send DATA 12  7, ID 20188, Window  5, PHL Queue 26
051.882 Recv DATA  8  8, ID 10184, Window  8  30
052.070 Send DATA 13  8, ID 20189, Window  5, PHL Queue 20
052.131 Recv DATA  9  8, ID 10185, Window  9  31
052.347 Send DATA 14  9, ID 20190, Window  6, PHL Queue 0
052.407 Recv DATA 10 10, ID 10186, Window 10  32
052.408 .... 187 packets received, 7469 bps, 93.37%, Err 7 (1.7e-005)
052.594 Send DATA 15 10, ID 20191, Window  5, PHL Queue 28
052.674 Recv DATA 11 11, ID 10187, Window 11  33
052.876 Send DATA 16 11, ID 20192, Window  5, PHL Queue 0
052.969 Recv DATA 12 12, ID 10188, Window 12  34
053.124 Send DATA 17 12, ID 20193, Window  5, PHL Queue 24
053.203 Recv DATA 13 12, ID 10189, Window 13  35
053.402 Send DATA 18 13, ID 20194, Window  6, PHL Queue 0
053.463 Recv DATA 14 13, ID 10190, Window 14  36
053.649 Send DATA 19 14, ID 20195, Window  6, PHL Queue 30
053.744 Recv DATA 15 15, ID 10191, Window 15  37
053.904 Send DATA 20 15, ID 20196, Window  5, PHL Queue 48
053.998 Recv DATA 16 15, ID 10192, Window 16  38
054.142 TCP Disconnected.
