000.000 =============================================================
000.000                     Station B                               
000.000 -------------------------------------------------------------
000.000 Protocol.lib, version 4.0, jiangyanjun0718@bupt.edu.cn
000.000 Channel: 8000 bps, 270 ms propagation delay, bit error rate 1.0E-005
000.000 Log file "E:\BUPT\doc\计算机网络实验\Lab1(Win+Linux)(2)\Lab1(Win+Linux)\Lab1-Windows-VS2017\Example\stopwait-B.log", TCP port 59144, debug mask 0x03
000.000 Station B is connecting station A (TCP port 59144) ... Done.
000.328 New epoch: Wed Apr 30 11:23:30 2025
000.329 =================================================================
000.330 
000.330 Designed by Jiang Yanjun, build: Oct 28 2018  16:36:26
000.884 Recv DATA 0 1, ID 10000
000.887 Send ACK  0
001.040 Send DATA 0 0, ID 20000
001.688 Recv DATA 1 1, ID 10001
001.692 Send ACK  1
001.876 Recv ACK  0
001.878 Send DATA 1 1, ID 20001
002.496 Recv DATA 0 0, ID 10002
002.500 Send ACK  0
002.682 Recv ACK  1
002.685 Send DATA 0 0, ID 20002
003.320 Recv DATA 1 1, ID 10003
003.322 .... 4 packets received, 3005 bps, 37.56%, Err 0 (0.0e+000)
003.326 Send ACK  1
004.145 Recv DATA 0 1, ID 10004
004.149 Send ACK  0
004.964 Recv DATA 1 1, ID 10005
004.968 Send ACK  1
005.181 ---- DATA 0 timeout
005.184 Send DATA 0 1, ID 20002
005.817 Recv DATA 0 1, ID 10006
005.819 .... 7 packets received, 2745 bps, 34.31%, Err 0 (0.0e+000)
005.822 Send ACK  0
005.986 Recv ACK  0
005.988 Send DATA 1 0, ID 20003
006.623 Recv DATA 1 0, ID 10007
006.625 Send ACK  1
006.792 Recv ACK  1
006.793 Send DATA 0 1, ID 20004
007.466 Recv DATA 0 1, ID 10008
007.471 Send ACK  0
007.604 Recv ACK  0
007.605 Send DATA 1 0, ID 20005
008.317 Recv DATA 1 0, ID 10009
008.320 .... 10 packets received, 2652 bps, 33.15%, Err 0 (0.0e+000)
008.321 Send ACK  1
008.408 Recv ACK  1
008.410 Send DATA 0 1, ID 20006
009.144 Recv DATA 0 1, ID 10010
009.148 Send ACK  0
009.254 Recv ACK  0
009.257 Send DATA 1 0, ID 20007
009.995 Recv DATA 1 0, ID 10011
009.997 Send ACK  1
010.089 Recv ACK  1
010.090 Send DATA 0 1, ID 20008
010.850 Recv DATA 0 1, ID 10012
010.853 .... 13 packets received, 2596 bps, 32.45%, Err 0 (0.0e+000)
010.856 Send ACK  0
010.928 Recv ACK  0
010.930 Send DATA 1 0, ID 20009
011.672 Recv DATA 1 0, ID 10013
011.675 Send ACK  1
011.812 Recv ACK  1
011.815 Send DATA 0 1, ID 20010
012.525 **** Receiver Error, Bad CRC Checksum
012.616 Recv ACK  0
012.620 Send DATA 1 1, ID 20011
013.429 Recv ACK  1
013.430 Send DATA 0 1, ID 20012
014.304 Recv ACK  0
014.312 Send DATA 1 1, ID 20013
015.048 Recv DATA 0 0, ID 10014
015.050 .... 15 packets received, 2125 bps, 26.57%, Err 1 (2.9e-005)
015.053 Send ACK  0
015.110 Recv ACK  1
015.114 Send DATA 0 0, ID 20014
015.886 Recv DATA 1 1, ID 10015
015.888 Send ACK  1
015.917 Recv ACK  0
015.921 Send DATA 1 1, ID 20015
016.713 Recv DATA 0 0, ID 10016
016.715 Send ACK  0
016.746 Recv ACK  1
016.750 Send DATA 0 0, ID 20016
017.538 Recv DATA 1 1, ID 10017
017.540 .... 18 packets received, 2176 bps, 27.20%, Err 1 (2.4e-005)
017.542 Send ACK  1
017.570 Recv ACK  0
017.571 Send DATA 1 1, ID 20017
018.367 Recv DATA 0 0, ID 10018
018.371 Send ACK  0
018.398 Recv ACK  1
018.400 Send DATA 0 0, ID 20018
019.257 Recv DATA 1 1, ID 10019
019.259 Send ACK  1
019.260 Recv ACK  0
019.262 Send DATA 1 1, ID 20019
020.112 Recv DATA 0 0, ID 10020
020.115 .... 21 packets received, 2204 bps, 27.54%, Err 1 (2.1e-005)
020.118 Send ACK  0
020.689 Recv ACK  1
020.690 Send DATA 0 0, ID 20020
020.938 Recv DATA 1 1, ID 10021
020.941 Send ACK  1
021.526 Recv ACK  0
021.529 Send DATA 1 1, ID 20021
022.333 Recv DATA 0 0, ID 10022
022.334 .... 23 packets received, 2167 bps, 27.08%, Err 1 (1.9e-005)
022.335 Send ACK  0
022.365 Recv ACK  1
022.367 Send DATA 0 0, ID 20022
023.133 Recv DATA 1 1, ID 10023
023.137 Send ACK  1
023.195 Recv ACK  0
023.196 Send DATA 1 1, ID 20023
023.960 Recv DATA 0 0, ID 10024
023.963 Send ACK  0
024.008 Recv ACK  1
024.009 Send DATA 0 0, ID 20024
024.790 Recv DATA 1 1, ID 10025
024.793 .... 26 packets received, 2201 bps, 27.51%, Err 1 (1.7e-005)
024.798 Send ACK  1
024.837 Recv ACK  0
024.838 Send DATA 1 1, ID 20025
025.647 Recv DATA 0 0, ID 10026
025.651 Send ACK  0
025.679 Recv ACK  1
025.682 Send DATA 0 0, ID 20026
026.454 Recv DATA 1 1, ID 10027
026.457 Send ACK  1
026.485 Recv ACK  0
026.486 Send DATA 1 1, ID 20027
027.324 Recv DATA 0 0, ID 10028
027.326 .... 29 packets received, 2222 bps, 27.77%, Err 1 (1.5e-005)
027.329 Send ACK  0
027.330 Recv ACK  1
027.331 Send DATA 0 0, ID 20028
028.159 Recv DATA 1 1, ID 10029
028.163 Send ACK  1
028.732 Recv ACK  0
028.734 Send DATA 1 1, ID 20029
028.998 Recv DATA 0 0, ID 10030
028.999 Send ACK  0
029.543 Recv ACK  1
029.546 Send DATA 0 0, ID 20030
029.855 Recv DATA 1 1, ID 10031
029.859 .... 32 packets received, 2240 bps, 28.00%, Err 1 (1.4e-005)
029.862 Send ACK  1
030.355 Recv ACK  0
030.356 Send DATA 1 1, ID 20031
030.697 Recv DATA 0 0, ID 10032
030.702 Send ACK  0
031.180 Recv ACK  1
031.182 Send DATA 0 0, ID 20032
031.508 Recv DATA 1 1, ID 10033
031.510 Send ACK  1
032.012 Recv ACK  0
032.015 Send DATA 1 1, ID 20033
032.354 Recv DATA 0 0, ID 10034
032.355 .... 35 packets received, 2257 bps, 28.21%, Err 1 (1.3e-005)
032.358 Send ACK  0
032.833 Recv ACK  1
032.834 Send DATA 0 0, ID 20034
033.200 Recv DATA 1 1, ID 10035
033.203 Send ACK  1
033.647 Recv ACK  0
033.648 Send DATA 1 1, ID 20035
034.025 Recv DATA 0 0, ID 10036
034.027 Send ACK  0
034.471 Recv ACK  1
034.473 Send DATA 0 0, ID 20036
034.902 Recv DATA 1 1, ID 10037
034.907 .... 38 packets received, 2268 bps, 28.35%, Err 1 (1.2e-005)
034.912 Send ACK  1
035.320 Recv ACK  0
035.321 Send DATA 1 1, ID 20037
035.688 Recv DATA 0 0, ID 10038
035.690 Send ACK  0
036.119 Recv ACK  1
036.120 Send DATA 0 0, ID 20038
036.489 Recv DATA 1 1, ID 10039
036.493 Send ACK  1
036.948 Recv ACK  0
036.950 Send DATA 1 1, ID 20039
037.307 Recv DATA 0 0, ID 10040
037.312 .... 41 packets received, 2287 bps, 28.59%, Err 1 (1.1e-005)
037.314 Send ACK  0
037.756 Recv ACK  1
037.758 Send DATA 0 0, ID 20040
038.139 Recv DATA 1 1, ID 10041
038.142 Send ACK  1
038.566 Recv ACK  0
038.568 Send DATA 1 1, ID 20041
039.001 Recv DATA 0 0, ID 10042
039.003 Send ACK  0
039.389 Recv ACK  1
039.390 Send DATA 0 0, ID 20042
039.869 Recv DATA 1 1, ID 10043
039.871 .... 44 packets received, 2294 bps, 28.68%, Err 1 (1.0e-005)
039.876 Send ACK  1
040.211 Recv ACK  0
040.214 Send DATA 1 1, ID 20043
040.681 Recv DATA 0 0, ID 10044
040.682 Send ACK  0
041.037 Recv ACK  1
041.040 Send DATA 0 0, ID 20044
041.470 Recv DATA 1 1, ID 10045
041.478 Send ACK  1
041.831 Recv ACK  0
041.833 Send DATA 1 1, ID 20045
042.303 Recv DATA 0 0, ID 10046
042.307 .... 47 packets received, 2308 bps, 28.85%, Err 1 (9.6e-006)
042.309 Send ACK  0
042.641 Recv ACK  1
042.643 Send DATA 0 0, ID 20046
043.112 Recv DATA 1 1, ID 10047
043.115 Send ACK  1
043.455 Recv ACK  0
043.458 Send DATA 1 1, ID 20047
043.952 **** Receiver Error, Bad CRC Checksum
044.293 Recv ACK  1
044.294 Send DATA 0 1, ID 20048
045.195 Recv ACK  0
045.196 Send DATA 1 1, ID 20049
045.994 Recv ACK  1
045.995 Send DATA 0 1, ID 20050
046.444 Recv DATA 0 1, ID 10048
046.447 .... 49 packets received, 2189 bps, 27.36%, Err 2 (1.8e-005)
046.450 Send ACK  0
046.804 Recv ACK  0
046.806 Send DATA 1 0, ID 20051
047.256 Recv DATA 1 0, ID 10049
047.260 Send ACK  1
047.616 Recv ACK  1
047.619 Send DATA 0 1, ID 20052
048.110 Recv DATA 0 1, ID 10050
048.112 Send ACK  0
048.432 Recv ACK  0
048.434 Send DATA 1 0, ID 20053
048.944 Recv DATA 1 0, ID 10051
048.949 .... 52 packets received, 2203 bps, 27.53%, Err 2 (1.7e-005)
048.951 Send ACK  1
049.256 Recv ACK  1
049.262 Send DATA 0 1, ID 20054
049.762 Recv DATA 0 1, ID 10052
049.763 Send ACK  0
050.076 Recv ACK  0
050.077 Send DATA 1 0, ID 20055
050.572 Recv DATA 1 0, ID 10053
050.575 Send ACK  1
050.903 Recv ACK  1
050.904 Send DATA 0 1, ID 20056
051.418 Recv DATA 0 1, ID 10054
051.424 .... 55 packets received, 2216 bps, 27.70%, Err 2 (1.6e-005)
051.427 Send ACK  0
051.696 Recv ACK  0
051.700 Send DATA 1 0, ID 20057
052.287 Recv DATA 1 0, ID 10055
052.289 Send ACK  1
052.486 Recv ACK  1
052.489 Send DATA 0 1, ID 20058
053.136 Recv DATA 0 1, ID 10056
053.140 Send ACK  0
053.324 Recv ACK  0
053.325 Send DATA 1 0, ID 20059
053.985 Recv DATA 1 0, ID 10057
053.988 .... 58 packets received, 2225 bps, 27.81%, Err 2 (1.5e-005)
053.991 Send ACK  1
054.188 Recv ACK  1
054.191 Send DATA 0 1, ID 20060
054.798 Recv DATA 0 1, ID 10058
054.801 Send ACK  0
054.999 Recv ACK  0
055.002 Send DATA 1 0, ID 20061
055.664 Recv DATA 1 0, ID 10059
055.666 Send ACK  1
055.865 Recv ACK  1
055.867 Send DATA 0 1, ID 20062
056.463 Recv DATA 0 1, ID 10060
056.465 .... 61 packets received, 2236 bps, 27.95%, Err 2 (1.5e-005)
056.467 Send ACK  0
056.665 Recv ACK  0
056.667 Send DATA 1 0, ID 20063
057.272 Recv DATA 1 0, ID 10061
057.273 Send ACK  1
057.522 Recv ACK  1
057.525 Send DATA 0 1, ID 20064
058.122 Recv DATA 0 1, ID 10062
058.125 Send ACK  0
058.401 Recv ACK  0
058.401 Send DATA 1 0, ID 20065
058.918 Recv DATA 1 0, ID 10063
058.919 .... 64 packets received, 2247 bps, 28.09%, Err 2 (1.4e-005)
058.921 Send ACK  1
059.210 Recv ACK  1
059.213 Send DATA 0 1, ID 20066
059.754 Recv DATA 0 1, ID 10064
059.756 Send ACK  0
060.022 Recv ACK  0
060.024 Send DATA 1 0, ID 20067
060.566 Recv DATA 1 0, ID 10065
060.570 Send ACK  1
060.859 Recv ACK  1
060.860 Send DATA 0 1, ID 20068
061.359 Recv DATA 0 1, ID 10066
061.363 .... 67 packets received, 2258 bps, 28.23%, Err 2 (1.3e-005)
061.366 Send ACK  0
061.670 Recv ACK  0
061.672 Send DATA 1 0, ID 20069
062.194 **** Receiver Error, Bad CRC Checksum
062.491 Recv ACK  1
062.493 Send DATA 0 0, ID 20070
063.323 Recv ACK  0
063.325 Send DATA 1 0, ID 20071
064.182 Recv ACK  1
064.183 Send DATA 0 0, ID 20072
064.658 Recv DATA 1 1, ID 10067
064.664 .... 68 packets received, 2174 bps, 27.17%, Err 3 (1.9e-005)
064.668 Send ACK  1
065.005 Recv ACK  0
065.006 Send DATA 1 1, ID 20073
065.514 Recv DATA 0 0, ID 10068
065.520 Send ACK  0
065.854 Recv ACK  1
065.855 Send DATA 0 0, ID 20074
066.327 Recv DATA 1 1, ID 10069
066.329 Send ACK  1
066.683 Recv ACK  0
066.685 Send DATA 1 1, ID 20075
067.161 Recv DATA 0 0, ID 10070
067.163 .... 71 packets received, 2184 bps, 27.30%, Err 3 (1.9e-005)
067.167 Send ACK  0
067.485 Recv ACK  1
067.486 Send DATA 0 0, ID 20076
067.953 **** Receiver Error, Bad CRC Checksum
068.305 Recv ACK  0
068.309 Send DATA 1 0, ID 20077
069.099 Recv ACK  1
069.102 Send DATA 0 0, ID 20078
069.921 Recv ACK  0
069.923 Send DATA 1 0, ID 20079
070.453 Recv DATA 1 0, ID 10071
070.457 .... 72 packets received, 2111 bps, 26.38%, Err 4 (2.4e-005)
070.462 Send ACK  1
070.734 Recv ACK  1
070.738 Send DATA 0 1, ID 20080
071.263 Recv DATA 0 1, ID 10072
071.264 Send ACK  0
071.559 Recv ACK  0
071.561 Send DATA 1 0, ID 20081
072.084 Recv DATA 1 0, ID 10073
072.087 Send ACK  1
072.378 Recv ACK  1
072.380 Send DATA 0 1, ID 20082
072.881 Recv DATA 0 1, ID 10074
072.883 .... 75 packets received, 2125 bps, 26.56%, Err 4 (2.3e-005)
072.885 Send ACK  0
073.190 Recv ACK  0
073.194 Send DATA 1 0, ID 20083
073.688 Recv DATA 1 0, ID 10075
073.692 Send ACK  1
073.994 Recv ACK  1
073.995 Send DATA 0 1, ID 20084
074.537 Recv DATA 0 1, ID 10076
074.538 Send ACK  0
074.864 Recv ACK  0
074.865 Send DATA 1 0, ID 20085
075.374 Recv DATA 1 0, ID 10077
075.378 .... 78 packets received, 2136 bps, 26.70%, Err 4 (2.2e-005)
075.382 Send ACK  1
075.650 Recv ACK  1
075.652 Send DATA 0 1, ID 20086
076.209 Recv DATA 0 1, ID 10078
076.212 Send ACK  0
076.460 Recv ACK  0
076.461 Send DATA 1 0, ID 20087
077.060 Recv DATA 1 0, ID 10079
077.062 Send ACK  1
077.324 Recv ACK  1
077.325 Send DATA 0 1, ID 20088
077.870 Recv DATA 0 1, ID 10080
077.873 .... 81 packets received, 2147 bps, 26.83%, Err 4 (2.2e-005)
077.875 Send ACK  0
078.166 Recv ACK  0
078.169 Send DATA 1 0, ID 20089
078.707 Recv DATA 1 0, ID 10081
078.713 Send ACK  1
079.004 Recv ACK  1
079.005 Send DATA 0 1, ID 20090
079.552 Recv DATA 0 1, ID 10082
079.555 Send ACK  0
079.910 Recv ACK  0
079.911 Send DATA 1 0, ID 20091
080.379 Recv DATA 1 0, ID 10083
080.382 .... 84 packets received, 2156 bps, 26.95%, Err 4 (2.1e-005)
080.385 Send ACK  1
081.198 Recv DATA 0 0, ID 10084
081.204 Send ACK  0
082.039 Recv DATA 1 0, ID 10085
082.044 Send ACK  1
082.384 ---- DATA 1 timeout
082.385 Send DATA 1 1, ID 20091
082.819 Recv DATA 0 0, ID 10086
082.821 .... 87 packets received, 2167 bps, 27.09%, Err 4 (2.0e-005)
082.824 Send ACK  0
083.176 Recv ACK  1
083.178 Send DATA 0 0, ID 20092
083.623 Recv DATA 1 1, ID 10087
083.625 Send ACK  1
084.009 Recv ACK  0
084.010 Send DATA 1 1, ID 20093
084.434 Recv DATA 0 0, ID 10088
084.437 Send ACK  0
084.839 Recv ACK  1
084.841 Send DATA 0 0, ID 20094
085.271 Recv DATA 1 1, ID 10089
085.274 .... 90 packets received, 2177 bps, 27.21%, Err 4 (2.0e-005)
085.278 Send ACK  1
085.643 Recv ACK  0
085.645 Send DATA 1 1, ID 20095
086.107 Recv DATA 0 0, ID 10090
086.112 Send ACK  0
086.481 Recv ACK  1
086.482 Send DATA 0 0, ID 20096
086.902 Recv DATA 1 1, ID 10091
086.904 Send ACK  1
087.321 Recv ACK  0
087.322 Send DATA 1 1, ID 20097
087.725 Recv DATA 0 0, ID 10092
087.728 .... 93 packets received, 2186 bps, 27.32%, Err 4 (1.9e-005)
087.734 Send ACK  0
088.178 Recv ACK  1
088.180 Send DATA 0 0, ID 20098
088.533 Recv DATA 1 1, ID 10093
088.536 Send ACK  1
088.999 Recv ACK  0
089.001 Send DATA 1 1, ID 20099
089.323 Recv DATA 0 0, ID 10094
089.324 Send ACK  0
089.807 Recv ACK  1
089.811 Send DATA 0 0, ID 20100
090.147 Recv DATA 1 1, ID 10095
090.148 .... 96 packets received, 2195 bps, 27.44%, Err 4 (1.8e-005)
090.151 Send ACK  1
090.651 Recv ACK  0
090.652 Send DATA 1 1, ID 20101
090.947 Recv DATA 0 0, ID 10096
090.950 Send ACK  0
091.490 Recv ACK  1
091.492 Send DATA 0 0, ID 20102
091.756 Recv DATA 1 1, ID 10097
091.759 Send ACK  1
092.293 Recv ACK  0
092.294 Send DATA 1 1, ID 20103
092.603 Recv DATA 0 0, ID 10098
092.606 .... 99 packets received, 2204 bps, 27.55%, Err 4 (1.8e-005)
092.609 Send ACK  0
093.136 Recv ACK  1
093.138 Send DATA 0 0, ID 20104
093.401 Recv DATA 1 1, ID 10099
093.404 Send ACK  1
094.003 Recv ACK  0
094.006 Send DATA 1 1, ID 20105
094.224 Recv DATA 0 0, ID 10100
094.229 Send ACK  0
094.804 Recv ACK  1
094.807 Send DATA 0 0, ID 20106
095.073 Recv DATA 1 1, ID 10101
095.075 .... 102 packets received, 2211 bps, 27.64%, Err 4 (1.7e-005)
095.078 Send ACK  1
095.633 Recv ACK  0
095.636 Send DATA 1 1, ID 20107
095.852 Recv DATA 0 0, ID 10102
095.853 Send ACK  0
096.495 Recv ACK  1
096.496 Send DATA 0 0, ID 20108
096.718 Recv DATA 1 1, ID 10103
096.720 Send ACK  1
097.320 Recv ACK  0
097.320 Send DATA 1 1, ID 20109
098.137 Recv DATA 0 0, ID 10104
098.140 .... 105 packets received, 2205 bps, 27.56%, Err 4 (1.7e-005)
098.144 Send ACK  0
098.168 Recv ACK  1
098.169 Send DATA 0 0, ID 20110
098.966 Recv DATA 1 1, ID 10105
098.967 Send ACK  1
098.997 Recv ACK  0
098.998 Send DATA 1 1, ID 20111
099.786 Recv DATA 0 0, ID 10106
099.787 Send ACK  0
099.817 Recv ACK  1
099.818 Send DATA 0 0, ID 20112
100.614 Recv DATA 1 1, ID 10107
100.619 .... 108 packets received, 2211 bps, 27.64%, Err 4 (1.6e-005)
100.625 Send ACK  1
101.176 Recv ACK  0
101.423 Recv DATA 0 0, ID 10108
101.429 Send ACK  0
102.218 Recv DATA 1 0, ID 10109
102.220 Send ACK  1
103.034 Recv DATA 0 0, ID 10110
103.036 .... 111 packets received, 2219 bps, 27.74%, Err 4 (1.6e-005)
103.039 Send ACK  0
103.837 Recv DATA 1 0, ID 10111
103.841 Send ACK  1
103.868 Send DATA 1 1, ID 20113
104.640 Recv DATA 0 0, ID 10112
104.644 Send ACK  0
104.688 Recv ACK  1
105.271 TCP disconnected.
