000.000 =============================================================
000.000                     Station A                               
000.000 -------------------------------------------------------------
000.000 Protocol.lib, version 4.0, jiangyanjun0718@bupt.edu.cn
000.000 Channel: 8000 bps, 270 ms propagation delay, bit error rate 1.0E-005
000.000 Log file "E:\BUPT\doc\计算机网络实验\Lab1(Win+Linux)(2)\Lab1(Win+Linux)\Lab1-Windows-VS2017\Example\stopwait-A.log", TCP port 59144, debug mask 0x03
000.000 Station A is waiting for station B on TCP port 59144 ... Done.
000.328 New epoch: Wed Apr 30 11:23:30 2025
000.329 =================================================================
000.330 
000.330 Designed by Jiang Yanjun, build: Oct 28 2018  16:36:26
000.331 Send DATA 0 1, ID 10000
001.162 Recv ACK  0
001.164 Send DATA 1 1, ID 10001
001.595 Recv DATA 0 0, ID 20000
001.598 Send ACK  0
001.972 Recv ACK  1
001.973 Send DATA 0 0, ID 10002
002.405 Recv DATA 1 1, ID 20001
002.407 Send ACK  1
002.776 Recv ACK  0
002.778 Send DATA 1 1, ID 10003
003.212 **** Receiver Error, Bad CRC Checksum
003.602 Recv ACK  1
003.605 Send DATA 0 1, ID 10004
004.441 Recv ACK  0
004.442 Send DATA 1 1, ID 10005
005.243 Recv ACK  1
005.246 Send DATA 0 1, ID 10006
005.711 Recv DATA 0 1, ID 20002
005.712 .... 3 packets received, 1349 bps, 16.86%, Err 1 (1.1e-004)
005.713 Send ACK  0
006.111 Recv ACK  0
006.113 Send DATA 1 0, ID 10007
006.498 Recv DATA 1 0, ID 20003
006.504 Send ACK  1
006.915 Recv ACK  1
006.916 Send DATA 0 1, ID 10008
007.310 Recv DATA 0 1, ID 20004
007.313 Send ACK  0
007.760 Recv ACK  0
007.762 Send DATA 1 0, ID 10009
008.116 Recv DATA 1 0, ID 20005
008.119 .... 6 packets received, 1765 bps, 22.07%, Err 1 (6.5e-005)
008.122 Send ACK  1
008.604 Recv ACK  1
008.605 Send DATA 0 1, ID 10010
008.972 Recv DATA 0 1, ID 20006
008.982 Send ACK  0
009.426 Recv ACK  0
009.428 Send DATA 1 0, ID 10011
009.806 Recv DATA 1 0, ID 20007
009.809 Send ACK  1
010.274 Recv ACK  1
010.275 Send DATA 0 1, ID 10012
010.633 Recv DATA 0 1, ID 20008
010.637 .... 9 packets received, 1945 bps, 24.31%, Err 1 (4.6e-005)
010.640 Send ACK  0
011.151 Recv ACK  0
011.153 Send DATA 1 0, ID 10013
011.519 Recv DATA 1 0, ID 20009
011.524 Send ACK  1
011.982 Recv ACK  1
011.984 Send DATA 0 1, ID 10014
012.338 Recv DATA 0 1, ID 20010
012.341 Send ACK  0
013.146 Recv DATA 1 1, ID 20011
013.147 .... 12 packets received, 2050 bps, 25.62%, Err 1 (3.5e-005)
013.149 Send ACK  1
013.994 Recv DATA 0 1, ID 20012
013.998 Send ACK  0
014.505 ---- DATA 0 timeout
014.508 Send DATA 0 0, ID 10014
014.828 Recv DATA 1 1, ID 20013
014.829 Send ACK  1
015.326 Recv ACK  0
015.328 Send DATA 1 1, ID 10015
015.641 Recv DATA 0 0, ID 20014
015.643 .... 15 packets received, 2121 bps, 26.51%, Err 1 (2.9e-005)
015.645 Send ACK  0
016.166 Recv ACK  1
016.168 Send DATA 0 0, ID 10016
016.434 Recv DATA 1 1, ID 20015
016.438 Send ACK  1
016.991 Recv ACK  0
016.993 Send DATA 1 1, ID 10017
017.268 Recv DATA 0 0, ID 20016
017.273 Send ACK  0
017.822 Recv ACK  1
017.824 Send DATA 0 0, ID 10018
018.087 Recv DATA 1 1, ID 20017
018.093 .... 18 packets received, 2177 bps, 27.21%, Err 1 (2.4e-005)
018.096 Send ACK  1
018.647 Recv ACK  0
018.648 Send DATA 1 1, ID 10019
018.931 Recv DATA 0 0, ID 20018
018.936 Send ACK  0
019.554 Recv ACK  1
019.555 Send DATA 0 0, ID 10020
019.789 Recv DATA 1 1, ID 20019
019.791 Send ACK  1
020.398 Recv ACK  0
020.400 Send DATA 1 1, ID 10021
021.234 Recv DATA 0 0, ID 20020
021.236 .... 21 packets received, 2142 bps, 26.77%, Err 1 (2.1e-005)
021.239 Send ACK  0
021.821 Recv ACK  1
021.824 Send DATA 0 0, ID 10022
022.052 Recv DATA 1 1, ID 20021
022.056 Send ACK  1
022.623 Recv ACK  0
022.624 Send DATA 1 1, ID 10023
022.902 Recv DATA 0 0, ID 20022
022.906 Send ACK  0
023.427 Recv ACK  1
023.429 Send DATA 0 0, ID 10024
023.723 Recv DATA 1 1, ID 20023
023.728 .... 24 packets received, 2178 bps, 27.22%, Err 1 (1.8e-005)
023.730 Send ACK  1
024.258 Recv ACK  0
024.259 Send DATA 1 1, ID 10025
024.555 Recv DATA 0 0, ID 20024
024.556 Send ACK  0
025.084 Recv ACK  1
025.085 Send DATA 0 0, ID 10026
025.383 Recv DATA 1 1, ID 20025
025.388 Send ACK  1
025.926 Recv ACK  0
025.929 Send DATA 1 1, ID 10027
026.203 Recv DATA 0 0, ID 20026
026.208 .... 27 packets received, 2208 bps, 27.60%, Err 1 (1.6e-005)
026.210 Send ACK  0
026.751 Recv ACK  1
026.754 Send DATA 0 0, ID 10028
027.019 Recv DATA 1 1, ID 20027
027.021 Send ACK  1
027.607 Recv ACK  0
027.610 Send DATA 1 1, ID 10029
027.845 Recv DATA 0 0, ID 20028
027.846 Send ACK  0
028.452 Recv ACK  1
028.454 Send DATA 0 0, ID 10030
029.249 Recv DATA 1 1, ID 20029
029.251 .... 30 packets received, 2187 bps, 27.34%, Err 1 (1.5e-005)
029.253 Send ACK  1
029.296 Recv ACK  0
029.298 Send DATA 1 1, ID 10031
030.070 Recv DATA 0 0, ID 20030
030.072 Send ACK  0
030.164 Recv ACK  1
030.165 Send DATA 0 0, ID 10032
030.899 Recv DATA 1 1, ID 20031
030.904 Send ACK  1
030.977 Recv ACK  0
030.979 Send DATA 1 1, ID 10033
031.732 Recv DATA 0 0, ID 20032
031.734 .... 33 packets received, 2210 bps, 27.63%, Err 1 (1.4e-005)
031.735 Send ACK  0
031.795 Recv ACK  1
031.797 Send DATA 0 0, ID 10034
032.525 Recv DATA 1 1, ID 20033
032.532 Send ACK  1
032.633 Recv ACK  0
032.636 Send DATA 1 1, ID 10035
033.355 Recv DATA 0 0, ID 20034
033.359 Send ACK  0
033.492 Recv ACK  1
033.493 Send DATA 0 0, ID 10036
034.178 Recv DATA 1 1, ID 20035
034.181 .... 36 packets received, 2233 bps, 27.91%, Err 1 (1.2e-005)
034.184 Send ACK  1
034.318 Recv ACK  0
034.320 Send DATA 1 1, ID 10037
035.044 Recv DATA 0 0, ID 20036
035.046 Send ACK  0
035.182 Recv ACK  1
035.185 Send DATA 0 0, ID 10038
035.843 Recv DATA 1 1, ID 20037
035.849 Send ACK  1
035.967 Recv ACK  0
035.967 Send DATA 1 1, ID 10039
036.664 Recv DATA 0 0, ID 20038
036.667 .... 39 packets received, 2249 bps, 28.12%, Err 1 (1.2e-005)
036.671 Send ACK  0
036.792 Recv ACK  1
036.793 Send DATA 0 0, ID 10040
037.476 Recv DATA 1 1, ID 20039
037.478 Send ACK  1
037.616 Recv ACK  0
037.618 Send DATA 1 1, ID 10041
038.283 Recv DATA 0 0, ID 20040
038.284 Send ACK  0
038.425 Recv ACK  1
038.427 Send DATA 0 0, ID 10042
039.110 Recv DATA 1 1, ID 20041
039.114 .... 42 packets received, 2266 bps, 28.33%, Err 1 (1.1e-005)
039.118 Send ACK  1
039.312 Recv ACK  0
039.314 Send DATA 1 1, ID 10043
039.915 Recv DATA 0 0, ID 20042
039.919 Send ACK  0
040.150 Recv ACK  1
040.153 Send DATA 0 0, ID 10044
040.759 Recv DATA 1 1, ID 20043
040.761 Send ACK  1
040.961 Recv ACK  0
040.964 Send DATA 1 1, ID 10045
041.549 Recv DATA 0 0, ID 20044
041.552 .... 45 packets received, 2282 bps, 28.52%, Err 1 (1.0e-005)
041.555 Send ACK  0
041.753 Recv ACK  1
041.755 Send DATA 0 0, ID 10046
042.362 Recv DATA 1 1, ID 20045
042.366 Send ACK  1
042.612 Recv ACK  0
042.615 Send DATA 1 1, ID 10047
043.160 Recv DATA 0 0, ID 20046
043.163 Send ACK  0
043.393 Recv ACK  1
043.396 Send DATA 0 0, ID 10048
043.983 Recv DATA 1 1, ID 20047
043.985 .... 48 packets received, 2295 bps, 28.69%, Err 1 (9.4e-006)
043.990 Send ACK  1
044.902 Recv DATA 0 1, ID 20048
044.906 Send ACK  0
045.718 Recv DATA 1 1, ID 20049
045.721 Send ACK  1
045.903 ---- DATA 0 timeout
045.906 Send DATA 0 1, ID 10048
046.523 Recv DATA 0 1, ID 20050
046.527 .... 51 packets received, 2302 bps, 28.78%, Err 1 (8.9e-006)
046.531 Send ACK  0
046.725 Recv ACK  0
046.727 Send DATA 1 0, ID 10049
047.334 Recv DATA 1 0, ID 20051
047.336 Send ACK  1
047.554 Recv ACK  1
047.554 Send DATA 0 1, ID 10050
048.140 Recv DATA 0 1, ID 20052
048.143 Send ACK  0
048.401 Recv ACK  0
048.404 Send DATA 1 0, ID 10051
048.974 Recv DATA 1 0, ID 20053
048.978 .... 54 packets received, 2313 bps, 28.91%, Err 1 (8.4e-006)
048.981 Send ACK  1
049.256 Recv ACK  1
049.262 Send DATA 0 1, ID 10052
049.778 Recv DATA 0 1, ID 20054
049.779 Send ACK  0
050.046 Recv ACK  0
050.049 Send DATA 1 0, ID 10053
050.618 Recv DATA 1 0, ID 20055
050.620 Send ACK  1
050.855 Recv ACK  1
050.857 Send DATA 0 1, ID 10054
051.418 Recv DATA 0 1, ID 20056
051.424 .... 57 packets received, 2323 bps, 29.03%, Err 1 (8.0e-006)
051.427 Send ACK  0
051.728 Recv ACK  0
051.730 Send DATA 1 0, ID 10055
052.209 Recv DATA 1 0, ID 20057
052.211 Send ACK  1
052.579 Recv ACK  1
052.581 Send DATA 0 1, ID 10056
053.027 Recv DATA 0 1, ID 20058
053.031 Send ACK  0
053.420 Recv ACK  0
053.422 Send DATA 1 0, ID 10057
053.894 Recv DATA 1 0, ID 20059
053.897 .... 60 packets received, 2330 bps, 29.12%, Err 1 (7.6e-006)
053.900 Send ACK  1
054.281 Recv ACK  1
054.283 Send DATA 0 1, ID 10058
054.720 Recv DATA 0 1, ID 20060
054.723 Send ACK  0
055.092 Recv ACK  0
055.095 Send DATA 1 0, ID 10059
055.571 Recv DATA 1 0, ID 20061
055.577 Send ACK  1
055.945 Recv ACK  1
055.946 Send DATA 0 1, ID 10060
056.384 Recv DATA 0 1, ID 20062
056.388 .... 63 packets received, 2336 bps, 29.20%, Err 1 (7.2e-006)
056.391 Send ACK  0
056.742 Recv ACK  0
056.744 Send DATA 1 0, ID 10061
057.240 Recv DATA 1 0, ID 20063
057.243 Send ACK  1
057.569 Recv ACK  1
057.571 Send DATA 0 1, ID 10062
058.092 Recv DATA 0 1, ID 20064
058.096 Send ACK  0
058.401 Recv ACK  0
058.401 Send DATA 1 0, ID 10063
058.933 Recv DATA 1 0, ID 20065
058.935 .... 66 packets received, 2339 bps, 29.24%, Err 1 (6.9e-006)
058.941 Send ACK  1
059.210 Recv ACK  1
059.213 Send DATA 0 1, ID 10064
059.722 Recv DATA 0 1, ID 20066
059.724 Send ACK  0
060.052 Recv ACK  0
060.056 Send DATA 1 0, ID 10065
060.550 Recv DATA 1 0, ID 20067
060.553 Send ACK  1
060.843 Recv ACK  1
060.845 Send DATA 0 1, ID 10066
061.390 Recv DATA 0 1, ID 20068
061.393 .... 69 packets received, 2346 bps, 29.33%, Err 1 (6.6e-006)
061.397 Send ACK  0
061.639 Recv ACK  0
061.641 Send DATA 1 0, ID 10067
062.210 Recv DATA 1 0, ID 20069
062.211 Send ACK  1
063.029 Recv DATA 0 0, ID 20070
063.033 Send ACK  0
063.888 Recv DATA 1 0, ID 20071
063.891 .... 72 packets received, 2351 bps, 29.38%, Err 1 (6.3e-006)
063.895 Send ACK  1
064.134 ---- DATA 1 timeout
064.137 Send DATA 1 1, ID 10067
064.719 Recv DATA 0 0, ID 20072
064.722 Send ACK  0
064.957 Recv ACK  1
064.958 Send DATA 0 0, ID 10068
065.577 Recv DATA 1 1, ID 20073
065.580 Send ACK  1
065.807 Recv ACK  0
065.808 Send DATA 1 1, ID 10069
066.373 Recv DATA 0 0, ID 20074
066.377 .... 75 packets received, 2355 bps, 29.44%, Err 1 (6.1e-006)
066.380 Send ACK  0
066.621 Recv ACK  1
066.621 Send DATA 0 0, ID 10070
067.192 Recv DATA 1 1, ID 20075
067.196 Send ACK  1
067.439 Recv ACK  0
067.440 Send DATA 1 1, ID 10071
068.013 Recv DATA 0 0, ID 20076
068.015 Send ACK  0
068.819 Recv DATA 1 0, ID 20077
068.821 .... 78 packets received, 2361 bps, 29.51%, Err 1 (5.9e-006)
068.824 Send ACK  1
069.624 Recv DATA 0 0, ID 20078
069.629 Send ACK  0
069.921 ---- DATA 1 timeout
069.923 Send DATA 1 0, ID 10071
070.438 Recv DATA 1 0, ID 20079
070.442 Send ACK  1
070.734 Recv ACK  1
070.738 Send DATA 0 1, ID 10072
071.263 Recv DATA 0 1, ID 20080
071.264 .... 81 packets received, 2366 bps, 29.58%, Err 1 (5.6e-006)
071.266 Send ACK  0
071.528 Recv ACK  0
071.528 Send DATA 1 0, ID 10073
072.100 Recv DATA 1 0, ID 20081
072.102 Send ACK  1
072.378 Recv ACK  1
072.380 Send DATA 0 1, ID 10074
072.897 Recv DATA 0 1, ID 20082
072.899 Send ACK  0
073.190 Recv ACK  0
073.194 Send DATA 1 0, ID 10075
073.718 Recv DATA 1 0, ID 20083
073.719 .... 84 packets received, 2371 bps, 29.63%, Err 1 (5.4e-006)
073.721 Send ACK  1
074.009 Recv ACK  1
074.009 Send DATA 0 1, ID 10076
074.569 Recv DATA 0 1, ID 20084
074.571 Send ACK  0
074.832 Recv ACK  0
074.832 Send DATA 1 0, ID 10077
075.374 Recv DATA 1 0, ID 20085
075.378 Send ACK  1
075.666 Recv ACK  1
075.667 Send DATA 0 1, ID 10078
076.177 Recv DATA 0 1, ID 20086
076.181 .... 87 packets received, 2375 bps, 29.69%, Err 1 (5.3e-006)
076.186 Send ACK  0
076.506 Recv ACK  0
076.508 Send DATA 1 0, ID 10079
077.044 Recv DATA 1 0, ID 20087
077.048 Send ACK  1
077.340 Recv ACK  1
077.341 Send DATA 0 1, ID 10080
077.854 Recv DATA 0 1, ID 20088
077.857 Send ACK  0
078.166 Recv ACK  0
078.169 Send DATA 1 0, ID 10081
078.723 Recv DATA 1 0, ID 20089
078.726 .... 90 packets received, 2376 bps, 29.70%, Err 1 (5.1e-006)
078.730 Send ACK  1
079.004 Recv ACK  1
079.005 Send DATA 0 1, ID 10082
079.552 Recv DATA 0 1, ID 20090
079.555 Send ACK  0
079.832 Recv ACK  0
079.841 Send DATA 1 0, ID 10083
080.459 **** Receiver Error, Bad CRC Checksum
080.665 Recv ACK  1
080.667 Send DATA 0 0, ID 10084
081.507 Recv ACK  0
081.511 Send DATA 1 0, ID 10085
082.322 Recv ACK  1
082.324 Send DATA 0 0, ID 10086
082.895 Recv DATA 1 1, ID 20091
082.898 .... 92 packets received, 2305 bps, 28.81%, Err 3 (1.5e-005)
082.901 Send ACK  1
083.129 Recv ACK  0
083.132 Send DATA 1 1, ID 10087
083.730 Recv DATA 0 0, ID 20092
083.732 Send ACK  0
083.914 Recv ACK  1
083.915 Send DATA 0 0, ID 10088
084.559 Recv DATA 1 1, ID 20093
084.561 Send ACK  1
084.715 Recv ACK  0
084.718 Send DATA 1 1, ID 10089
085.365 Recv DATA 0 0, ID 20094
085.369 .... 95 packets received, 2310 bps, 28.88%, Err 3 (1.4e-005)
085.372 Send ACK  0
085.550 Recv ACK  1
085.550 Send DATA 0 0, ID 10090
086.184 Recv DATA 1 1, ID 20095
086.185 Send ACK  1
086.386 Recv ACK  0
086.387 Send DATA 1 1, ID 10091
087.026 Recv DATA 0 0, ID 20096
087.028 Send ACK  0
087.182 Recv ACK  1
087.183 Send DATA 0 0, ID 10092
087.880 Recv DATA 1 1, ID 20097
087.881 .... 98 packets received, 2314 bps, 28.93%, Err 3 (1.4e-005)
087.882 Send ACK  1
088.006 Recv ACK  0
088.007 Send DATA 1 1, ID 10093
088.704 Recv DATA 0 0, ID 20098
088.706 Send ACK  0
088.812 Recv ACK  1
088.813 Send DATA 0 0, ID 10094
089.529 Recv DATA 1 1, ID 20099
089.535 Send ACK  1
089.621 Recv ACK  0
089.623 Send DATA 1 1, ID 10095
090.350 Recv DATA 0 0, ID 20100
090.353 .... 101 packets received, 2319 bps, 28.99%, Err 3 (1.3e-005)
090.357 Send ACK  0
090.428 Recv ACK  1
090.430 Send DATA 0 0, ID 10096
091.210 Recv DATA 1 1, ID 20101
091.214 Send ACK  1
091.241 Recv ACK  0
091.243 Send DATA 1 1, ID 10097
092.016 Recv DATA 0 0, ID 20102
092.019 Send ACK  0
092.047 Recv ACK  1
092.049 Send DATA 0 0, ID 10098
092.853 Recv DATA 1 1, ID 20103
092.855 .... 104 packets received, 2323 bps, 29.03%, Err 3 (1.3e-005)
092.860 Send ACK  1
092.884 Recv ACK  0
092.886 Send DATA 1 1, ID 10099
093.709 Recv DATA 0 0, ID 20104
093.713 Send ACK  0
093.714 Recv ACK  1
093.716 Send DATA 0 0, ID 10100
094.523 Recv DATA 1 1, ID 20105
094.524 Send ACK  1
094.554 Recv ACK  0
094.555 Send DATA 1 1, ID 10101
095.351 Recv DATA 0 0, ID 20106
095.357 .... 107 packets received, 2326 bps, 29.08%, Err 3 (1.3e-005)
095.361 Send ACK  0
095.362 Recv ACK  1
095.363 Send DATA 0 0, ID 10102
096.198 Recv DATA 1 1, ID 20107
096.202 Send ACK  1
096.203 Recv ACK  0
096.204 Send DATA 1 1, ID 10103
097.036 Recv DATA 0 0, ID 20108
097.041 Send ACK  0
097.602 Recv ACK  1
097.604 Send DATA 0 0, ID 10104
097.869 Recv DATA 1 1, ID 20109
097.871 .... 110 packets received, 2329 bps, 29.12%, Err 3 (1.2e-005)
097.874 Send ACK  1
098.435 Recv ACK  0
098.436 Send DATA 1 1, ID 10105
098.700 Recv DATA 0 0, ID 20110
098.703 Send ACK  0
099.246 Recv ACK  1
099.247 Send DATA 0 0, ID 10106
099.516 Recv DATA 1 1, ID 20111
099.519 Send ACK  1
100.069 Recv ACK  0
100.069 Send DATA 1 1, ID 10107
100.333 Recv DATA 0 0, ID 20112
100.339 .... 113 packets received, 2333 bps, 29.17%, Err 3 (1.2e-005)
100.341 Send ACK  0
100.894 Recv ACK  1
100.895 Send DATA 0 0, ID 10108
101.702 Recv ACK  0
101.706 Send DATA 1 0, ID 10109
102.502 Recv ACK  1
102.503 Send DATA 0 0, ID 10110
103.314 Recv ACK  0
103.319 Send DATA 1 0, ID 10111
104.129 Recv ACK  1
104.131 Send DATA 0 0, ID 10112
104.407 Recv DATA 1 1, ID 20113
104.410 .... 114 packets received, 2261 bps, 28.26%, Err 3 (1.2e-005)
104.413 Send ACK  1
104.928 Recv ACK  0
104.928 Send DATA 1 1, ID 10113
