000.000 =============================================================
000.000                     Station B                               
000.000 -------------------------------------------------------------
000.000 Protocol.lib, version 4.0, jiangyanjun0718@bupt.edu.cn
000.000 Channel: 8000 bps, 270 ms propagation delay, bit error rate 0
000.000 Log file "E:\BUPT\doc\计算机网络实验\实验一 滑动窗口\exampledoc\Lab1(Win+Linux)(2)\Lab1(Win+Linux)\Lab1-Windows-VS2017\Debug\datalink-B.log", TCP port 59144, debug mask 0x00
000.000 Station B is connecting station A (TCP port 59144) ... Failed!
000.000 Station B is connecting station A (TCP port 59144) ... Failed!
000.000 Station B is connecting station A (TCP port 59144) ... Failed!
000.000 Station B is connecting station A (TCP port 59144) ... Done.
000.454 New epoch: Sat May 17 19:05:34 2025
000.454 =================================================================
000.454 
002.887 .... 8 packets received, 7557 bps, 94.46%, Err 0 (0.0e+00)
005.008 .... 16 packets received, 7640 bps, 95.50%, Err 0 (0.0e+00)
007.057 .... 24 packets received, 7755 bps, 96.94%, Err 0 (0.0e+00)
009.212 .... 32 packets received, 7716 bps, 96.46%, Err 0 (0.0e+00)
011.322 .... 40 packets received, 7727 bps, 96.59%, Err 0 (0.0e+00)
013.417 .... 48 packets received, 7742 bps, 96.77%, Err 0 (0.0e+00)
015.543 .... 56 packets received, 7737 bps, 96.71%, Err 0 (0.0e+00)
017.670 .... 64 packets received, 7732 bps, 96.66%, Err 0 (0.0e+00)
019.768 .... 72 packets received, 7741 bps, 96.77%, Err 0 (0.0e+00)
