000.000 =============================================================
000.000                     Station A                               
000.000 -------------------------------------------------------------
000.000 Protocol.lib, version 4.0, jiangyanjun0718@bupt.edu.cn
000.000 Channel: 8000 bps, 270 ms propagation delay, bit error rate 0
000.000 Log file "E:\BUPT\doc\计算机网络实验\实验一 滑动窗口\exampledoc\Lab1(Win+Linux)(2)\Lab1(Win+Linux)\Lab1-Windows-VS2017\Debug\datalink-A.log", TCP port 59144, debug mask 0x00
000.000 Station A is waiting for station B on TCP port 59144 ... Done.
000.454 New epoch: Sat May 17 19:05:34 2025
000.454 =================================================================
000.454 
003.403 .... 8 packets received, 7758 bps, 96.97%, Err 0 (0.0e+00)
005.535 .... 16 packets received, 7721 bps, 96.51%, Err 0 (0.0e+00)
007.669 .... 24 packets received, 7706 bps, 96.33%, Err 0 (0.0e+00)
009.786 .... 32 packets received, 7715 bps, 96.43%, Err 0 (0.0e+00)
011.865 .... 40 packets received, 7747 bps, 96.84%, Err 0 (0.0e+00)
013.991 .... 48 packets received, 7740 bps, 96.76%, Err 0 (0.0e+00)
016.085 .... 56 packets received, 7753 bps, 96.91%, Err 0 (0.0e+00)
018.243 .... 64 packets received, 7732 bps, 96.65%, Err 0 (0.0e+00)
020.344 .... 72 packets received, 7739 bps, 96.74%, Err 0 (0.0e+00)
020.811 TCP Disconnected.
