d:\coding\cpp\e-commerce_trading_platform\e-commerce_trading_platform\x64\debug\vc143.pdb
d:\coding\cpp\e-commerce_trading_platform\e-commerce_trading_platform\x64\debug\vc143.idb
d:\coding\cpp\e-commerce_trading_platform\e-commerce_trading_platform\x64\debug\tourist.obj
d:\coding\cpp\e-commerce_trading_platform\e-commerce_trading_platform\x64\debug\sheet.obj
d:\coding\cpp\e-commerce_trading_platform\e-commerce_trading_platform\x64\debug\productsifo.obj
d:\coding\cpp\e-commerce_trading_platform\e-commerce_trading_platform\x64\debug\products.obj
d:\coding\cpp\e-commerce_trading_platform\e-commerce_trading_platform\x64\debug\main.obj
d:\coding\cpp\e-commerce_trading_platform\e-commerce_trading_platform\x64\debug\comsumer.obj
d:\coding\cpp\e-commerce_trading_platform\e-commerce_trading_platform\x64\debug\business.obj
d:\coding\cpp\e-commerce_trading_platform\e-commerce_trading_platform\x64\debug\behavior.obj
d:\coding\cpp\e-commerce_trading_platform\e-commerce_trading_platform\x64\debug\account.obj
d:\coding\cpp\e-commerce_trading_platform\e-commerce_trading_platform\x64\debug\e-commerce_trading_platform.ilk
d:\coding\cpp\e-commerce_trading_platform\x64\debug\e-commerce_trading_platform.pdb
d:\coding\cpp\e-commerce_trading_platform\e-commerce_trading_platform\x64\debug\e-commer.295b0533.tlog\cl.command.1.tlog
d:\coding\cpp\e-commerce_trading_platform\e-commerce_trading_platform\x64\debug\e-commer.295b0533.tlog\cl.items.tlog
d:\coding\cpp\e-commerce_trading_platform\e-commerce_trading_platform\x64\debug\e-commer.295b0533.tlog\cl.read.1.tlog
d:\coding\cpp\e-commerce_trading_platform\e-commerce_trading_platform\x64\debug\e-commer.295b0533.tlog\cl.write.1.tlog
d:\coding\cpp\e-commerce_trading_platform\e-commerce_trading_platform\x64\debug\e-commer.295b0533.tlog\link.18808-cvtres.read.1.tlog
d:\coding\cpp\e-commerce_trading_platform\e-commerce_trading_platform\x64\debug\e-commer.295b0533.tlog\link.18808-cvtres.write.1.tlog
d:\coding\cpp\e-commerce_trading_platform\e-commerce_trading_platform\x64\debug\e-commer.295b0533.tlog\link.18808-rc.read.1.tlog
d:\coding\cpp\e-commerce_trading_platform\e-commerce_trading_platform\x64\debug\e-commer.295b0533.tlog\link.18808-rc.write.1.tlog
d:\coding\cpp\e-commerce_trading_platform\e-commerce_trading_platform\x64\debug\e-commer.295b0533.tlog\link.18808.read.1.tlog
d:\coding\cpp\e-commerce_trading_platform\e-commerce_trading_platform\x64\debug\e-commer.295b0533.tlog\link.18808.read.2.tlog
d:\coding\cpp\e-commerce_trading_platform\e-commerce_trading_platform\x64\debug\e-commer.295b0533.tlog\link.18808.read.3.tlog
d:\coding\cpp\e-commerce_trading_platform\e-commerce_trading_platform\x64\debug\e-commer.295b0533.tlog\link.18808.read.4.tlog
d:\coding\cpp\e-commerce_trading_platform\e-commerce_trading_platform\x64\debug\e-commer.295b0533.tlog\link.18808.write.1.tlog
d:\coding\cpp\e-commerce_trading_platform\e-commerce_trading_platform\x64\debug\e-commer.295b0533.tlog\link.command.1.tlog
d:\coding\cpp\e-commerce_trading_platform\e-commerce_trading_platform\x64\debug\e-commer.295b0533.tlog\link.read.1.tlog
d:\coding\cpp\e-commerce_trading_platform\e-commerce_trading_platform\x64\debug\e-commer.295b0533.tlog\link.secondary.1.tlog
d:\coding\cpp\e-commerce_trading_platform\e-commerce_trading_platform\x64\debug\e-commer.295b0533.tlog\link.write.1.tlog
