d:\coding\cpp\e-commerce_trading_platform\net_ecommerce\x64\debug\vc143.pdb
d:\coding\cpp\e-commerce_trading_platform\net_ecommerce\x64\debug\vc143.idb
d:\coding\cpp\e-commerce_trading_platform\net_ecommerce\x64\debug\server.obj
d:\coding\cpp\e-commerce_trading_platform\net_ecommerce\x64\debug\tourist.obj
d:\coding\cpp\e-commerce_trading_platform\net_ecommerce\x64\debug\sheet.obj
d:\coding\cpp\e-commerce_trading_platform\net_ecommerce\x64\debug\productsifo.obj
d:\coding\cpp\e-commerce_trading_platform\net_ecommerce\x64\debug\products.obj
d:\coding\cpp\e-commerce_trading_platform\net_ecommerce\x64\debug\main.obj
d:\coding\cpp\e-commerce_trading_platform\net_ecommerce\x64\debug\comsumer.obj
d:\coding\cpp\e-commerce_trading_platform\net_ecommerce\x64\debug\business.obj
d:\coding\cpp\e-commerce_trading_platform\net_ecommerce\x64\debug\behavior.obj
d:\coding\cpp\e-commerce_trading_platform\net_ecommerce\x64\debug\account.obj
d:\coding\cpp\e-commerce_trading_platform\x64\debug\net_ecommerce.exe
d:\coding\cpp\e-commerce_trading_platform\x64\debug\net_ecommerce.pdb
d:\coding\cpp\e-commerce_trading_platform\net_ecommerce\x64\debug\net_ecommerce.ilk
d:\coding\cpp\e-commerce_trading_platform\net_ecommerce\x64\debug\net_ecommerce.tlog\cl.command.1.tlog
d:\coding\cpp\e-commerce_trading_platform\net_ecommerce\x64\debug\net_ecommerce.tlog\cl.items.tlog
d:\coding\cpp\e-commerce_trading_platform\net_ecommerce\x64\debug\net_ecommerce.tlog\cl.read.1.tlog
d:\coding\cpp\e-commerce_trading_platform\net_ecommerce\x64\debug\net_ecommerce.tlog\cl.write.1.tlog
d:\coding\cpp\e-commerce_trading_platform\net_ecommerce\x64\debug\net_ecommerce.tlog\link.command.1.tlog
d:\coding\cpp\e-commerce_trading_platform\net_ecommerce\x64\debug\net_ecommerce.tlog\link.read.1.tlog
d:\coding\cpp\e-commerce_trading_platform\net_ecommerce\x64\debug\net_ecommerce.tlog\link.secondary.1.tlog
d:\coding\cpp\e-commerce_trading_platform\net_ecommerce\x64\debug\net_ecommerce.tlog\link.write.1.tlog
